Added Component: Designator=*(12-5V BUCK)
Added Component: Designator=90-12V BUCK(90-12V BUCK)
Added Component: Designator=C1(0805)
Add component (AddParameter): Name = "LatestRevisionDate"; Value = "17-Jul-2002"; VariantName = "[No Variations]"
Add component (AddParameter): Name = "LatestRevisionNote"; Value = "Re-released for DXP Platform."; VariantName = "[No Variations]"
Add component (AddParameter): Name = "PackageReference"; Value = "C1206"; VariantName = "[No Variations]"
Add component (AddParameter): Name = "Published"; Value = "8-Jun-2000"; VariantName = "[No Variations]"
Add component (AddParameter): Name = "Publisher"; Value = "Altium Limited"; VariantName = "[No Variations]"
Add component (AddParameter): Name = "Value"; Value = "0.1uF"; VariantName = "[No Variations]"
Added Component: Designator=C2(0805)
Add component (AddParameter): Name = "LatestRevisionDate"; Value = "17-Jul-2002"; VariantName = "[No Variations]"
Add component (AddParameter): Name = "LatestRevisionNote"; Value = "Re-released for DXP Platform."; VariantName = "[No Variations]"
Add component (AddParameter): Name = "PackageReference"; Value = "C1206"; VariantName = "[No Variations]"
Add component (AddParameter): Name = "Published"; Value = "8-Jun-2000"; VariantName = "[No Variations]"
Add component (AddParameter): Name = "Publisher"; Value = "Altium Limited"; VariantName = "[No Variations]"
Add component (AddParameter): Name = "Value"; Value = "0.1uF"; VariantName = "[No Variations]"
Added Component: Designator=C3(0805)
Add component (AddParameter): Name = "LatestRevisionDate"; Value = "17-Jul-2002"; VariantName = "[No Variations]"
Add component (AddParameter): Name = "LatestRevisionNote"; Value = "Re-released for DXP Platform."; VariantName = "[No Variations]"
Add component (AddParameter): Name = "PackageReference"; Value = "C1206"; VariantName = "[No Variations]"
Add component (AddParameter): Name = "Published"; Value = "8-Jun-2000"; VariantName = "[No Variations]"
Add component (AddParameter): Name = "Publisher"; Value = "Altium Limited"; VariantName = "[No Variations]"
Add component (AddParameter): Name = "Value"; Value = "0.1uF"; VariantName = "[No Variations]"
Added Component: Designator=C4(CP4/8.5)
Add component (AddParameter): Name = "Value"; Value = "4700uF/50V"; VariantName = "[No Variations]"
Added Component: Designator=C5(CP4/8.5)
Add component (AddParameter): Name = "Value"; Value = "4700uF/50V"; VariantName = "[No Variations]"
Added Component: Designator=C6(CP1/2.5)
Add component (AddParameter): Name = "Description 1"; Value = "470uF/6,3V - 330uF/10V - 220uF/16V"; VariantName = "[No Variations]"
Add component (AddParameter): Name = "Description 2"; Value = "100uF/25V - 35V - 47uF/50V - 22uF/100V"; VariantName = "[No Variations]"
Add component (AddParameter): Name = "Description 3"; Value = "33uF => 47uF/63V - 1uF => 4,7uF/160V"; VariantName = "[No Variations]"
Add component (AddParameter): Name = "Description 4"; Value = "1uF => 2,2uF/250V - 1uF/350V"; VariantName = "[No Variations]"
Add component (AddParameter): Name = "Value"; Value = "47uF/16 - 50V"; VariantName = "[No Variations]"
Added Component: Designator=C7(CP1/2.5)
Add component (AddParameter): Name = "Description 1"; Value = "470uF/6,3V - 330uF/10V - 220uF/16V"; VariantName = "[No Variations]"
Add component (AddParameter): Name = "Description 2"; Value = "100uF/25V - 35V - 47uF/50V - 22uF/100V"; VariantName = "[No Variations]"
Add component (AddParameter): Name = "Description 3"; Value = "33uF => 47uF/63V - 1uF => 4,7uF/160V"; VariantName = "[No Variations]"
Add component (AddParameter): Name = "Description 4"; Value = "1uF => 2,2uF/250V - 1uF/350V"; VariantName = "[No Variations]"
Add component (AddParameter): Name = "Value"; Value = "47uF/16 - 50V"; VariantName = "[No Variations]"
Added Component: Designator=C8(CP4/8.5)
Add component (AddParameter): Name = "Value"; Value = "4700uF/50V"; VariantName = "[No Variations]"
Added Component: Designator=C9(CP4/8.5)
Add component (AddParameter): Name = "Value"; Value = "4700uF/50V"; VariantName = "[No Variations]"
Added Component: Designator=C10(0805)
Add component (AddParameter): Name = "LatestRevisionDate"; Value = "17-Jul-2002"; VariantName = "[No Variations]"
Add component (AddParameter): Name = "LatestRevisionNote"; Value = "Re-released for DXP Platform."; VariantName = "[No Variations]"
Add component (AddParameter): Name = "PackageReference"; Value = "C1206"; VariantName = "[No Variations]"
Add component (AddParameter): Name = "Published"; Value = "8-Jun-2000"; VariantName = "[No Variations]"
Add component (AddParameter): Name = "Publisher"; Value = "Altium Limited"; VariantName = "[No Variations]"
Add component (AddParameter): Name = "Value"; Value = "0.1uF"; VariantName = "[No Variations]"
Added Component: Designator=C11(0805)
Add component (AddParameter): Name = "LatestRevisionDate"; Value = "17-Jul-2002"; VariantName = "[No Variations]"
Add component (AddParameter): Name = "LatestRevisionNote"; Value = "Re-released for DXP Platform."; VariantName = "[No Variations]"
Add component (AddParameter): Name = "PackageReference"; Value = "C1206"; VariantName = "[No Variations]"
Add component (AddParameter): Name = "Published"; Value = "8-Jun-2000"; VariantName = "[No Variations]"
Add component (AddParameter): Name = "Publisher"; Value = "Altium Limited"; VariantName = "[No Variations]"
Add component (AddParameter): Name = "Value"; Value = "0.1uF"; VariantName = "[No Variations]"
Added Component: Designator=C12(0805)
Add component (AddParameter): Name = "LatestRevisionDate"; Value = "17-Jul-2002"; VariantName = "[No Variations]"
Add component (AddParameter): Name = "LatestRevisionNote"; Value = "Re-released for DXP Platform."; VariantName = "[No Variations]"
Add component (AddParameter): Name = "PackageReference"; Value = "C1206"; VariantName = "[No Variations]"
Add component (AddParameter): Name = "Published"; Value = "8-Jun-2000"; VariantName = "[No Variations]"
Add component (AddParameter): Name = "Publisher"; Value = "Altium Limited"; VariantName = "[No Variations]"
Add component (AddParameter): Name = "Value"; Value = "0.1uF"; VariantName = "[No Variations]"
Added Component: Designator=C13(CP1/2.5)
Add component (AddParameter): Name = "Description 1"; Value = "470uF/6,3V - 330uF/10V - 220uF/16V"; VariantName = "[No Variations]"
Add component (AddParameter): Name = "Description 2"; Value = "100uF/25V - 35V - 47uF/50V - 22uF/100V"; VariantName = "[No Variations]"
Add component (AddParameter): Name = "Description 3"; Value = "33uF => 47uF/63V - 1uF => 4,7uF/160V"; VariantName = "[No Variations]"
Add component (AddParameter): Name = "Description 4"; Value = "1uF => 2,2uF/250V - 1uF/350V"; VariantName = "[No Variations]"
Add component (AddParameter): Name = "Value"; Value = "47uF/16 - 50V"; VariantName = "[No Variations]"
Added Component: Designator=C14(0805)
Add component (AddParameter): Name = "LatestRevisionDate"; Value = "17-Jul-2002"; VariantName = "[No Variations]"
Add component (AddParameter): Name = "LatestRevisionNote"; Value = "Re-released for DXP Platform."; VariantName = "[No Variations]"
Add component (AddParameter): Name = "PackageReference"; Value = "C1206"; VariantName = "[No Variations]"
Add component (AddParameter): Name = "Published"; Value = "8-Jun-2000"; VariantName = "[No Variations]"
Add component (AddParameter): Name = "Publisher"; Value = "Altium Limited"; VariantName = "[No Variations]"
Add component (AddParameter): Name = "Value"; Value = "0.1uF"; VariantName = "[No Variations]"
Added Component: Designator=C15(0805)
Add component (AddParameter): Name = "LatestRevisionDate"; Value = "17-Jul-2002"; VariantName = "[No Variations]"
Add component (AddParameter): Name = "LatestRevisionNote"; Value = "Re-released for DXP Platform."; VariantName = "[No Variations]"
Add component (AddParameter): Name = "PackageReference"; Value = "C1206"; VariantName = "[No Variations]"
Add component (AddParameter): Name = "Published"; Value = "8-Jun-2000"; VariantName = "[No Variations]"
Add component (AddParameter): Name = "Publisher"; Value = "Altium Limited"; VariantName = "[No Variations]"
Add component (AddParameter): Name = "Value"; Value = "0.1uF"; VariantName = "[No Variations]"
Added Component: Designator=C16(0805)
Add component (AddParameter): Name = "LatestRevisionDate"; Value = "17-Jul-2002"; VariantName = "[No Variations]"
Add component (AddParameter): Name = "LatestRevisionNote"; Value = "Re-released for DXP Platform."; VariantName = "[No Variations]"
Add component (AddParameter): Name = "PackageReference"; Value = "C1206"; VariantName = "[No Variations]"
Add component (AddParameter): Name = "Published"; Value = "8-Jun-2000"; VariantName = "[No Variations]"
Add component (AddParameter): Name = "Publisher"; Value = "Altium Limited"; VariantName = "[No Variations]"
Add component (AddParameter): Name = "Value"; Value = "0.1uF"; VariantName = "[No Variations]"
Added Component: Designator=C17(0805)
Add component (AddParameter): Name = "LatestRevisionDate"; Value = "17-Jul-2002"; VariantName = "[No Variations]"
Add component (AddParameter): Name = "LatestRevisionNote"; Value = "Re-released for DXP Platform."; VariantName = "[No Variations]"
Add component (AddParameter): Name = "PackageReference"; Value = "C1206"; VariantName = "[No Variations]"
Add component (AddParameter): Name = "Published"; Value = "8-Jun-2000"; VariantName = "[No Variations]"
Add component (AddParameter): Name = "Publisher"; Value = "Altium Limited"; VariantName = "[No Variations]"
Add component (AddParameter): Name = "Value"; Value = "0.1uF"; VariantName = "[No Variations]"
Added Component: Designator=C18(0805)
Add component (AddParameter): Name = "LatestRevisionDate"; Value = "17-Jul-2002"; VariantName = "[No Variations]"
Add component (AddParameter): Name = "LatestRevisionNote"; Value = "Re-released for DXP Platform."; VariantName = "[No Variations]"
Add component (AddParameter): Name = "PackageReference"; Value = "C1206"; VariantName = "[No Variations]"
Add component (AddParameter): Name = "Published"; Value = "8-Jun-2000"; VariantName = "[No Variations]"
Add component (AddParameter): Name = "Publisher"; Value = "Altium Limited"; VariantName = "[No Variations]"
Add component (AddParameter): Name = "Value"; Value = "0.1uF"; VariantName = "[No Variations]"
Added Component: Designator=C19(0805)
Add component (AddParameter): Name = "LatestRevisionDate"; Value = "17-Jul-2002"; VariantName = "[No Variations]"
Add component (AddParameter): Name = "LatestRevisionNote"; Value = "Re-released for DXP Platform."; VariantName = "[No Variations]"
Add component (AddParameter): Name = "PackageReference"; Value = "C1206"; VariantName = "[No Variations]"
Add component (AddParameter): Name = "Published"; Value = "8-Jun-2000"; VariantName = "[No Variations]"
Add component (AddParameter): Name = "Publisher"; Value = "Altium Limited"; VariantName = "[No Variations]"
Add component (AddParameter): Name = "Value"; Value = "0.1uF"; VariantName = "[No Variations]"
Added Component: Designator=C20(CP1/2.5)
Add component (AddParameter): Name = "Description 1"; Value = "470uF/6,3V - 330uF/10V - 220uF/16V"; VariantName = "[No Variations]"
Add component (AddParameter): Name = "Description 2"; Value = "100uF/25V - 35V - 47uF/50V - 22uF/100V"; VariantName = "[No Variations]"
Add component (AddParameter): Name = "Description 3"; Value = "33uF => 47uF/63V - 1uF => 4,7uF/160V"; VariantName = "[No Variations]"
Add component (AddParameter): Name = "Description 4"; Value = "1uF => 2,2uF/250V - 1uF/350V"; VariantName = "[No Variations]"
Add component (AddParameter): Name = "Value"; Value = "47uF/16 - 50V"; VariantName = "[No Variations]"
Added Component: Designator=C21(CP1/2.5)
Add component (AddParameter): Name = "Description 1"; Value = "470uF/6,3V - 330uF/10V - 220uF/16V"; VariantName = "[No Variations]"
Add component (AddParameter): Name = "Description 2"; Value = "100uF/25V - 35V - 47uF/50V - 22uF/100V"; VariantName = "[No Variations]"
Add component (AddParameter): Name = "Description 3"; Value = "33uF => 47uF/63V - 1uF => 4,7uF/160V"; VariantName = "[No Variations]"
Add component (AddParameter): Name = "Description 4"; Value = "1uF => 2,2uF/250V - 1uF/350V"; VariantName = "[No Variations]"
Add component (AddParameter): Name = "Value"; Value = "47uF/16 - 50V"; VariantName = "[No Variations]"
Added Component: Designator=C22(0805)
Add component (AddParameter): Name = "LatestRevisionDate"; Value = "17-Jul-2002"; VariantName = "[No Variations]"
Add component (AddParameter): Name = "LatestRevisionNote"; Value = "Re-released for DXP Platform."; VariantName = "[No Variations]"
Add component (AddParameter): Name = "PackageReference"; Value = "C1206"; VariantName = "[No Variations]"
Add component (AddParameter): Name = "Published"; Value = "8-Jun-2000"; VariantName = "[No Variations]"
Add component (AddParameter): Name = "Publisher"; Value = "Altium Limited"; VariantName = "[No Variations]"
Add component (AddParameter): Name = "Value"; Value = "0.1uF"; VariantName = "[No Variations]"
Added Component: Designator=C23(0805)
Add component (AddParameter): Name = "LatestRevisionDate"; Value = "17-Jul-2002"; VariantName = "[No Variations]"
Add component (AddParameter): Name = "LatestRevisionNote"; Value = "Re-released for DXP Platform."; VariantName = "[No Variations]"
Add component (AddParameter): Name = "PackageReference"; Value = "C1206"; VariantName = "[No Variations]"
Add component (AddParameter): Name = "Published"; Value = "8-Jun-2000"; VariantName = "[No Variations]"
Add component (AddParameter): Name = "Publisher"; Value = "Altium Limited"; VariantName = "[No Variations]"
Add component (AddParameter): Name = "Value"; Value = "0.1uF"; VariantName = "[No Variations]"
Added Component: Designator=C24(0805)
Add component (AddParameter): Name = "LatestRevisionDate"; Value = "17-Jul-2002"; VariantName = "[No Variations]"
Add component (AddParameter): Name = "LatestRevisionNote"; Value = "Re-released for DXP Platform."; VariantName = "[No Variations]"
Add component (AddParameter): Name = "PackageReference"; Value = "C1206"; VariantName = "[No Variations]"
Add component (AddParameter): Name = "Published"; Value = "8-Jun-2000"; VariantName = "[No Variations]"
Add component (AddParameter): Name = "Publisher"; Value = "Altium Limited"; VariantName = "[No Variations]"
Add component (AddParameter): Name = "Value"; Value = "0.1uF"; VariantName = "[No Variations]"
Added Component: Designator=C25(CP4/12)
Add component (AddParameter): Name = "Value"; Value = "220uF/450V"; VariantName = "[No Variations]"
Added Component: Designator=C26(CP1/2.5)
Add component (AddParameter): Name = "Description 1"; Value = "470uF/6,3V - 330uF/10V - 220uF/16V"; VariantName = "[No Variations]"
Add component (AddParameter): Name = "Description 2"; Value = "100uF/25V - 35V - 47uF/50V - 22uF/100V"; VariantName = "[No Variations]"
Add component (AddParameter): Name = "Description 3"; Value = "33uF => 47uF/63V - 1uF => 4,7uF/160V"; VariantName = "[No Variations]"
Add component (AddParameter): Name = "Description 4"; Value = "1uF => 2,2uF/250V - 1uF/350V"; VariantName = "[No Variations]"
Add component (AddParameter): Name = "Value"; Value = "47uF/16 - 50V"; VariantName = "[No Variations]"
Added Component: Designator=C27(0805)
Add component (AddParameter): Name = "LatestRevisionDate"; Value = "17-Jul-2002"; VariantName = "[No Variations]"
Add component (AddParameter): Name = "LatestRevisionNote"; Value = "Re-released for DXP Platform."; VariantName = "[No Variations]"
Add component (AddParameter): Name = "PackageReference"; Value = "C1206"; VariantName = "[No Variations]"
Add component (AddParameter): Name = "Published"; Value = "8-Jun-2000"; VariantName = "[No Variations]"
Add component (AddParameter): Name = "Publisher"; Value = "Altium Limited"; VariantName = "[No Variations]"
Add component (AddParameter): Name = "Value"; Value = "0.1uF"; VariantName = "[No Variations]"
Added Component: Designator=C28(CP4/12)
Add component (AddParameter): Name = "Value"; Value = "220uF/450V"; VariantName = "[No Variations]"
Added Component: Designator=C29(CP1/2.5)
Add component (AddParameter): Name = "Description 1"; Value = "470uF/6,3V - 330uF/10V - 220uF/16V"; VariantName = "[No Variations]"
Add component (AddParameter): Name = "Description 2"; Value = "100uF/25V - 35V - 47uF/50V - 22uF/100V"; VariantName = "[No Variations]"
Add component (AddParameter): Name = "Description 3"; Value = "33uF => 47uF/63V - 1uF => 4,7uF/160V"; VariantName = "[No Variations]"
Add component (AddParameter): Name = "Description 4"; Value = "1uF => 2,2uF/250V - 1uF/350V"; VariantName = "[No Variations]"
Add component (AddParameter): Name = "Value"; Value = "47uF/16 - 50V"; VariantName = "[No Variations]"
Added Component: Designator=C30(0805)
Add component (AddParameter): Name = "LatestRevisionDate"; Value = "17-Jul-2002"; VariantName = "[No Variations]"
Add component (AddParameter): Name = "LatestRevisionNote"; Value = "Re-released for DXP Platform."; VariantName = "[No Variations]"
Add component (AddParameter): Name = "PackageReference"; Value = "C1206"; VariantName = "[No Variations]"
Add component (AddParameter): Name = "Published"; Value = "8-Jun-2000"; VariantName = "[No Variations]"
Add component (AddParameter): Name = "Publisher"; Value = "Altium Limited"; VariantName = "[No Variations]"
Add component (AddParameter): Name = "Value"; Value = "0.1uF"; VariantName = "[No Variations]"
Added Component: Designator=C31(0805)
Add component (AddParameter): Name = "LatestRevisionDate"; Value = "17-Jul-2002"; VariantName = "[No Variations]"
Add component (AddParameter): Name = "LatestRevisionNote"; Value = "Re-released for DXP Platform."; VariantName = "[No Variations]"
Add component (AddParameter): Name = "PackageReference"; Value = "C1206"; VariantName = "[No Variations]"
Add component (AddParameter): Name = "Published"; Value = "8-Jun-2000"; VariantName = "[No Variations]"
Add component (AddParameter): Name = "Publisher"; Value = "Altium Limited"; VariantName = "[No Variations]"
Add component (AddParameter): Name = "Value"; Value = "0.1uF"; VariantName = "[No Variations]"
Added Component: Designator=C32(0805)
Add component (AddParameter): Name = "LatestRevisionDate"; Value = "17-Jul-2002"; VariantName = "[No Variations]"
Add component (AddParameter): Name = "LatestRevisionNote"; Value = "Re-released for DXP Platform."; VariantName = "[No Variations]"
Add component (AddParameter): Name = "PackageReference"; Value = "C1206"; VariantName = "[No Variations]"
Add component (AddParameter): Name = "Published"; Value = "8-Jun-2000"; VariantName = "[No Variations]"
Add component (AddParameter): Name = "Publisher"; Value = "Altium Limited"; VariantName = "[No Variations]"
Add component (AddParameter): Name = "Value"; Value = "0.1uF"; VariantName = "[No Variations]"
Added Component: Designator=C33(0805)
Add component (AddParameter): Name = "LatestRevisionDate"; Value = "17-Jul-2002"; VariantName = "[No Variations]"
Add component (AddParameter): Name = "LatestRevisionNote"; Value = "Re-released for DXP Platform."; VariantName = "[No Variations]"
Add component (AddParameter): Name = "PackageReference"; Value = "C1206"; VariantName = "[No Variations]"
Add component (AddParameter): Name = "Published"; Value = "8-Jun-2000"; VariantName = "[No Variations]"
Add component (AddParameter): Name = "Publisher"; Value = "Altium Limited"; VariantName = "[No Variations]"
Add component (AddParameter): Name = "Value"; Value = "0.1uF"; VariantName = "[No Variations]"
Added Component: Designator=C34(0805)
Add component (AddParameter): Name = "LatestRevisionDate"; Value = "17-Jul-2002"; VariantName = "[No Variations]"
Add component (AddParameter): Name = "LatestRevisionNote"; Value = "Re-released for DXP Platform."; VariantName = "[No Variations]"
Add component (AddParameter): Name = "PackageReference"; Value = "C1206"; VariantName = "[No Variations]"
Add component (AddParameter): Name = "Published"; Value = "8-Jun-2000"; VariantName = "[No Variations]"
Add component (AddParameter): Name = "Publisher"; Value = "Altium Limited"; VariantName = "[No Variations]"
Add component (AddParameter): Name = "Value"; Value = "0.1uF"; VariantName = "[No Variations]"
Added Component: Designator=D1(D0.5A)
Add component (AddParameter): Name = "Value"; Value = "1N4148"; VariantName = "[No Variations]"
Added Component: Designator=D2(D0.5A)
Add component (AddParameter): Name = "Value"; Value = "1N4148"; VariantName = "[No Variations]"
Added Component: Designator=D3(D0.5A)
Add component (AddParameter): Name = "Value"; Value = "1N4148"; VariantName = "[No Variations]"
Added Component: Designator=DIO1(DIO-SMD-106)
Add component (AddParameter): Name = "Code - JEDEC"; Value = "DO-214-AB"; VariantName = "[No Variations]"
Add component (AddParameter): Name = "Published"; Value = "8-Jun-2000"; VariantName = "[No Variations]"
Add component (AddParameter): Name = "Publisher"; Value = "Altium Limited"; VariantName = "[No Variations]"
Add component (AddParameter): Name = "Revision"; Value = "July-2002: Re-released for DXP Platform."; VariantName = "[No Variations]"
Add component (AddParameter): Name = "Value"; Value = "1N5007"; VariantName = "[No Variations]"
Added Component: Designator=DIO2(DIO-SMD-106)
Add component (AddParameter): Name = "Code - JEDEC"; Value = "DO-214-AB"; VariantName = "[No Variations]"
Add component (AddParameter): Name = "Published"; Value = "8-Jun-2000"; VariantName = "[No Variations]"
Add component (AddParameter): Name = "Publisher"; Value = "Altium Limited"; VariantName = "[No Variations]"
Add component (AddParameter): Name = "Revision"; Value = "July-2002: Re-released for DXP Platform."; VariantName = "[No Variations]"
Add component (AddParameter): Name = "Value"; Value = "1N5007"; VariantName = "[No Variations]"
Added Component: Designator=J1(CON6)
Added Component: Designator=J2(CON4)
Added Component: Designator=J3(AMASS_XT60PW-M)
Add component (AddParameter): Name = "Availability"; Value = "Not in stock"; VariantName = "[No Variations]"
Add component (AddParameter): Name = "Check_prices"; Value = "https://www.snapeda.com/parts/XT60PW-M/AMASS/view-part/?ref=eda"; VariantName = "[No Variations]"
Add component (AddParameter): Name = "MF"; Value = "AMASS"; VariantName = "[No Variations]"
Add component (AddParameter): Name = "MP"; Value = "XT60PW-M"; VariantName = "[No Variations]"
Add component (AddParameter): Name = "Package"; Value = "Package"; VariantName = "[No Variations]"
Add component (AddParameter): Name = "Price"; Value = "None"; VariantName = "[No Variations]"
Add component (AddParameter): Name = "SnapEDA_Link"; Value = "https://www.snapeda.com/parts/XT60PW-M/AMASS/view-part/?ref=snap"; VariantName = "[No Variations]"
Add component (AddParameter): Name = "Value"; Value = ""; VariantName = "[No Variations]"
Added Component: Designator=J4(CON6)
Added Component: Designator=J5(CON4)
Added Component: Designator=J6(AMASS_XT60PW-M)
Add component (AddParameter): Name = "Availability"; Value = "Not in stock"; VariantName = "[No Variations]"
Add component (AddParameter): Name = "Check_prices"; Value = "https://www.snapeda.com/parts/XT60PW-M/AMASS/view-part/?ref=eda"; VariantName = "[No Variations]"
Add component (AddParameter): Name = "MF"; Value = "AMASS"; VariantName = "[No Variations]"
Add component (AddParameter): Name = "MP"; Value = "XT60PW-M"; VariantName = "[No Variations]"
Add component (AddParameter): Name = "Package"; Value = "Package"; VariantName = "[No Variations]"
Add component (AddParameter): Name = "Price"; Value = "None"; VariantName = "[No Variations]"
Add component (AddParameter): Name = "SnapEDA_Link"; Value = "https://www.snapeda.com/parts/XT60PW-M/AMASS/view-part/?ref=snap"; VariantName = "[No Variations]"
Add component (AddParameter): Name = "Value"; Value = ""; VariantName = "[No Variations]"
Added Component: Designator=J7(AMASS_XT60PW-M)
Add component (AddParameter): Name = "Availability"; Value = "Not in stock"; VariantName = "[No Variations]"
Add component (AddParameter): Name = "Check_prices"; Value = "https://www.snapeda.com/parts/XT60PW-M/AMASS/view-part/?ref=eda"; VariantName = "[No Variations]"
Add component (AddParameter): Name = "MF"; Value = "AMASS"; VariantName = "[No Variations]"
Add component (AddParameter): Name = "MP"; Value = "XT60PW-M"; VariantName = "[No Variations]"
Add component (AddParameter): Name = "Package"; Value = "Package"; VariantName = "[No Variations]"
Add component (AddParameter): Name = "Price"; Value = "None"; VariantName = "[No Variations]"
Add component (AddParameter): Name = "SnapEDA_Link"; Value = "https://www.snapeda.com/parts/XT60PW-M/AMASS/view-part/?ref=snap"; VariantName = "[No Variations]"
Add component (AddParameter): Name = "Value"; Value = ""; VariantName = "[No Variations]"
Added Component: Designator=J8(CON3)
Added Component: Designator=J9(VALCON_CSP-USC16-TR)
Add component (AddParameter): Name = "Availability"; Value = "In Stock"; VariantName = "[No Variations]"
Add component (AddParameter): Name = "Check_prices"; Value = "https://www.snapeda.com/parts/CSP-USC16-TR/Valcon/view-part/?ref=eda"; VariantName = "[No Variations]"
Add component (AddParameter): Name = "MF"; Value = "Valcon"; VariantName = "[No Variations]"
Add component (AddParameter): Name = "MP"; Value = "CSP-USC16-TR"; VariantName = "[No Variations]"
Add component (AddParameter): Name = "Package"; Value = "None"; VariantName = "[No Variations]"
Add component (AddParameter): Name = "Price"; Value = "None"; VariantName = "[No Variations]"
Add component (AddParameter): Name = "Purchase-URL"; Value = "https://pricing.snapeda.com/search/part/CSP-USC16-TR/?ref=eda"; VariantName = "[No Variations]"
Add component (AddParameter): Name = "SnapEDA_Link"; Value = "https://www.snapeda.com/parts/CSP-USC16-TR/Valcon/view-part/?ref=snap"; VariantName = "[No Variations]"
Add component (AddParameter): Name = "Value"; Value = ""; VariantName = "[No Variations]"
Added Component: Designator=JP1(CON2)
Add component (AddParameter): Name = "Value"; Value = "Connector 2"; VariantName = "[No Variations]"
Added Component: Designator=JP2(CON2)
Add component (AddParameter): Name = "Value"; Value = "Connector 2"; VariantName = "[No Variations]"
Added Component: Designator=JP3(CON2)
Add component (AddParameter): Name = "Value"; Value = "Connector 2"; VariantName = "[No Variations]"
Added Component: Designator=JP4(CON10)
Add component (AddParameter): Name = "Value"; Value = "Connector 10"; VariantName = "[No Variations]"
Added Component: Designator=L1(100UH)
Added Component: Designator=LED1(LED0805)
Add component (AddParameter): Name = "Chung_Loai"; Value = "Dán"; VariantName = "[No Variations]"
Add component (AddParameter): Name = "Don_Vi"; Value = "Con"; VariantName = "[No Variations]"
Add component (AddParameter): Name = "Ghi_Chu"; Value = ""; VariantName = "[No Variations]"
Add component (AddParameter): Name = "Kieu_Chan"; Value = ""; VariantName = "[No Variations]"
Add component (AddParameter): Name = "Ma_Hang"; Value = ""; VariantName = "[No Variations]"
Add component (AddParameter): Name = "Ten_Linh_Kien"; Value = ""; VariantName = "[No Variations]"
Added Component: Designator=LED2(LED0805)
Add component (AddParameter): Name = "Chung_Loai"; Value = "Dán"; VariantName = "[No Variations]"
Add component (AddParameter): Name = "Don_Vi"; Value = "Con"; VariantName = "[No Variations]"
Add component (AddParameter): Name = "Ghi_Chu"; Value = ""; VariantName = "[No Variations]"
Add component (AddParameter): Name = "Kieu_Chan"; Value = ""; VariantName = "[No Variations]"
Add component (AddParameter): Name = "Ma_Hang"; Value = ""; VariantName = "[No Variations]"
Add component (AddParameter): Name = "Ten_Linh_Kien"; Value = ""; VariantName = "[No Variations]"
Added Component: Designator=LED3(LED0805)
Add component (AddParameter): Name = "Chung_Loai"; Value = "Dán"; VariantName = "[No Variations]"
Add component (AddParameter): Name = "Don_Vi"; Value = "Con"; VariantName = "[No Variations]"
Add component (AddParameter): Name = "Ghi_Chu"; Value = ""; VariantName = "[No Variations]"
Add component (AddParameter): Name = "Kieu_Chan"; Value = ""; VariantName = "[No Variations]"
Add component (AddParameter): Name = "Ma_Hang"; Value = ""; VariantName = "[No Variations]"
Add component (AddParameter): Name = "Ten_Linh_Kien"; Value = ""; VariantName = "[No Variations]"
Added Component: Designator=LS1(SPEAKER)
Add component (AddParameter): Name = "LatestRevisionDate"; Value = "17-Jul-2002"; VariantName = "[No Variations]"
Add component (AddParameter): Name = "LatestRevisionNote"; Value = "Re-released for DXP Platform."; VariantName = "[No Variations]"
Add component (AddParameter): Name = "PackageReference"; Value = "PIN2"; VariantName = "[No Variations]"
Add component (AddParameter): Name = "Published"; Value = "24-Mar-1999"; VariantName = "[No Variations]"
Add component (AddParameter): Name = "Publisher"; Value = "Altium Limited"; VariantName = "[No Variations]"
Added Component: Designator=Q1(QTO-220)
Add component (AddParameter): Name = "Value"; Value = "IRF840"; VariantName = "[No Variations]"
Added Component: Designator=Q2(TO126)
Add component (AddParameter): Name = "Value"; Value = "C1815"; VariantName = "[No Variations]"
Added Component: Designator=Q3(TO126)
Add component (AddParameter): Name = "Value"; Value = "C1815"; VariantName = "[No Variations]"
Added Component: Designator=Q4(TO126)
Add component (AddParameter): Name = "Value"; Value = "C1815"; VariantName = "[No Variations]"
Added Component: Designator=Q5(TO126)
Add component (AddParameter): Name = "Value"; Value = "C1815"; VariantName = "[No Variations]"
Added Component: Designator=Q6(QTO-220)
Add component (AddParameter): Name = "Value"; Value = "IRF840"; VariantName = "[No Variations]"
Added Component: Designator=Q7(QTO-220)
Add component (AddParameter): Name = "Value"; Value = "IRF840"; VariantName = "[No Variations]"
Added Component: Designator=Q8(QTO-220)
Add component (AddParameter): Name = "Value"; Value = "IRF840"; VariantName = "[No Variations]"
Added Component: Designator=Q9(TO126)
Add component (AddParameter): Name = "Value"; Value = "C1815"; VariantName = "[No Variations]"
Added Component: Designator=Q10(QTO-220)
Add component (AddParameter): Name = "Value"; Value = "IRF840"; VariantName = "[No Variations]"
Added Component: Designator=Q11(QTO-220)
Add component (AddParameter): Name = "Value"; Value = "IRF840"; VariantName = "[No Variations]"
Added Component: Designator=R1(RES-SMD-0805)
Add component (AddParameter): Name = "Class"; Value = "Passive"; VariantName = "[No Variations]"
Add component (AddParameter): Name = "Manufacturer"; Value = "Generic Components"; VariantName = "[No Variations]"
Add component (AddParameter): Name = "Published"; Value = "08/06/2000"; VariantName = "[No Variations]"
Add component (AddParameter): Name = "Publisher"; Value = "Altium Hobart Technology Centre"; VariantName = "[No Variations]"
Added Component: Designator=R2(RES-SMD-0805)
Add component (AddParameter): Name = "Class"; Value = "Passive"; VariantName = "[No Variations]"
Add component (AddParameter): Name = "Manufacturer"; Value = "Generic Components"; VariantName = "[No Variations]"
Add component (AddParameter): Name = "Published"; Value = "08/06/2000"; VariantName = "[No Variations]"
Add component (AddParameter): Name = "Publisher"; Value = "Altium Hobart Technology Centre"; VariantName = "[No Variations]"
Added Component: Designator=R3(RES-SMD-0805)
Add component (AddParameter): Name = "Class"; Value = "Passive"; VariantName = "[No Variations]"
Add component (AddParameter): Name = "Manufacturer"; Value = "Generic Components"; VariantName = "[No Variations]"
Add component (AddParameter): Name = "Published"; Value = "08/06/2000"; VariantName = "[No Variations]"
Add component (AddParameter): Name = "Publisher"; Value = "Altium Hobart Technology Centre"; VariantName = "[No Variations]"
Added Component: Designator=R4(RES-SMD-0805)
Add component (AddParameter): Name = "Class"; Value = "Passive"; VariantName = "[No Variations]"
Add component (AddParameter): Name = "Manufacturer"; Value = "Generic Components"; VariantName = "[No Variations]"
Add component (AddParameter): Name = "Published"; Value = "08/06/2000"; VariantName = "[No Variations]"
Add component (AddParameter): Name = "Publisher"; Value = "Altium Hobart Technology Centre"; VariantName = "[No Variations]"
Added Component: Designator=R5(RES-SMD-0805)
Add component (AddParameter): Name = "Class"; Value = "Passive"; VariantName = "[No Variations]"
Add component (AddParameter): Name = "Manufacturer"; Value = "Generic Components"; VariantName = "[No Variations]"
Add component (AddParameter): Name = "Published"; Value = "08/06/2000"; VariantName = "[No Variations]"
Add component (AddParameter): Name = "Publisher"; Value = "Altium Hobart Technology Centre"; VariantName = "[No Variations]"
Added Component: Designator=R6(RES-SMD-0805)
Add component (AddParameter): Name = "Class"; Value = "Passive"; VariantName = "[No Variations]"
Add component (AddParameter): Name = "Manufacturer"; Value = "Generic Components"; VariantName = "[No Variations]"
Add component (AddParameter): Name = "Published"; Value = "08/06/2000"; VariantName = "[No Variations]"
Add component (AddParameter): Name = "Publisher"; Value = "Altium Hobart Technology Centre"; VariantName = "[No Variations]"
Added Component: Designator=R7(RES-SMD-0805)
Add component (AddParameter): Name = "Class"; Value = "Passive"; VariantName = "[No Variations]"
Add component (AddParameter): Name = "Manufacturer"; Value = "Generic Components"; VariantName = "[No Variations]"
Add component (AddParameter): Name = "Published"; Value = "08/06/2000"; VariantName = "[No Variations]"
Add component (AddParameter): Name = "Publisher"; Value = "Altium Hobart Technology Centre"; VariantName = "[No Variations]"
Added Component: Designator=R8(RES-SMD-0805)
Add component (AddParameter): Name = "Class"; Value = "Passive"; VariantName = "[No Variations]"
Add component (AddParameter): Name = "Manufacturer"; Value = "Generic Components"; VariantName = "[No Variations]"
Add component (AddParameter): Name = "Published"; Value = "08/06/2000"; VariantName = "[No Variations]"
Add component (AddParameter): Name = "Publisher"; Value = "Altium Hobart Technology Centre"; VariantName = "[No Variations]"
Added Component: Designator=R9(RES-SMD-0805)
Add component (AddParameter): Name = "Class"; Value = "Passive"; VariantName = "[No Variations]"
Add component (AddParameter): Name = "Manufacturer"; Value = "Generic Components"; VariantName = "[No Variations]"
Add component (AddParameter): Name = "Published"; Value = "08/06/2000"; VariantName = "[No Variations]"
Add component (AddParameter): Name = "Publisher"; Value = "Altium Hobart Technology Centre"; VariantName = "[No Variations]"
Added Component: Designator=R10(RES-SMD-0805)
Add component (AddParameter): Name = "Class"; Value = "Passive"; VariantName = "[No Variations]"
Add component (AddParameter): Name = "Manufacturer"; Value = "Generic Components"; VariantName = "[No Variations]"
Add component (AddParameter): Name = "Published"; Value = "08/06/2000"; VariantName = "[No Variations]"
Add component (AddParameter): Name = "Publisher"; Value = "Altium Hobart Technology Centre"; VariantName = "[No Variations]"
Added Component: Designator=R11(RES-SMD-0805)
Add component (AddParameter): Name = "Class"; Value = "Passive"; VariantName = "[No Variations]"
Add component (AddParameter): Name = "Manufacturer"; Value = "Generic Components"; VariantName = "[No Variations]"
Add component (AddParameter): Name = "Published"; Value = "08/06/2000"; VariantName = "[No Variations]"
Add component (AddParameter): Name = "Publisher"; Value = "Altium Hobart Technology Centre"; VariantName = "[No Variations]"
Added Component: Designator=R12(RES-SMD-0805)
Add component (AddParameter): Name = "Class"; Value = "Passive"; VariantName = "[No Variations]"
Add component (AddParameter): Name = "Manufacturer"; Value = "Generic Components"; VariantName = "[No Variations]"
Add component (AddParameter): Name = "Published"; Value = "08/06/2000"; VariantName = "[No Variations]"
Add component (AddParameter): Name = "Publisher"; Value = "Altium Hobart Technology Centre"; VariantName = "[No Variations]"
Added Component: Designator=R13(RES-SMD-0805)
Add component (AddParameter): Name = "Class"; Value = "Passive"; VariantName = "[No Variations]"
Add component (AddParameter): Name = "Manufacturer"; Value = "Generic Components"; VariantName = "[No Variations]"
Add component (AddParameter): Name = "Published"; Value = "08/06/2000"; VariantName = "[No Variations]"
Add component (AddParameter): Name = "Publisher"; Value = "Altium Hobart Technology Centre"; VariantName = "[No Variations]"
Added Component: Designator=R14(RES-SMD-0805)
Add component (AddParameter): Name = "Class"; Value = "Passive"; VariantName = "[No Variations]"
Add component (AddParameter): Name = "Manufacturer"; Value = "Generic Components"; VariantName = "[No Variations]"
Add component (AddParameter): Name = "Published"; Value = "08/06/2000"; VariantName = "[No Variations]"
Add component (AddParameter): Name = "Publisher"; Value = "Altium Hobart Technology Centre"; VariantName = "[No Variations]"
Added Component: Designator=R15(RES-SMD-0805)
Add component (AddParameter): Name = "Class"; Value = "Passive"; VariantName = "[No Variations]"
Add component (AddParameter): Name = "Manufacturer"; Value = "Generic Components"; VariantName = "[No Variations]"
Add component (AddParameter): Name = "Published"; Value = "08/06/2000"; VariantName = "[No Variations]"
Add component (AddParameter): Name = "Publisher"; Value = "Altium Hobart Technology Centre"; VariantName = "[No Variations]"
Added Component: Designator=R16(RES-SMD-0805)
Add component (AddParameter): Name = "Class"; Value = "Passive"; VariantName = "[No Variations]"
Add component (AddParameter): Name = "Manufacturer"; Value = "Generic Components"; VariantName = "[No Variations]"
Add component (AddParameter): Name = "Published"; Value = "08/06/2000"; VariantName = "[No Variations]"
Add component (AddParameter): Name = "Publisher"; Value = "Altium Hobart Technology Centre"; VariantName = "[No Variations]"
Added Component: Designator=R17(RES-SMD-0805)
Add component (AddParameter): Name = "Class"; Value = "Passive"; VariantName = "[No Variations]"
Add component (AddParameter): Name = "Manufacturer"; Value = "Generic Components"; VariantName = "[No Variations]"
Add component (AddParameter): Name = "Published"; Value = "08/06/2000"; VariantName = "[No Variations]"
Add component (AddParameter): Name = "Publisher"; Value = "Altium Hobart Technology Centre"; VariantName = "[No Variations]"
Added Component: Designator=R18(RES-SMD-0805)
Add component (AddParameter): Name = "Class"; Value = "Passive"; VariantName = "[No Variations]"
Add component (AddParameter): Name = "Manufacturer"; Value = "Generic Components"; VariantName = "[No Variations]"
Add component (AddParameter): Name = "Published"; Value = "08/06/2000"; VariantName = "[No Variations]"
Add component (AddParameter): Name = "Publisher"; Value = "Altium Hobart Technology Centre"; VariantName = "[No Variations]"
Added Component: Designator=R19(RES-SMD-0805)
Add component (AddParameter): Name = "Class"; Value = "Passive"; VariantName = "[No Variations]"
Add component (AddParameter): Name = "Manufacturer"; Value = "Generic Components"; VariantName = "[No Variations]"
Add component (AddParameter): Name = "Published"; Value = "08/06/2000"; VariantName = "[No Variations]"
Add component (AddParameter): Name = "Publisher"; Value = "Altium Hobart Technology Centre"; VariantName = "[No Variations]"
Added Component: Designator=R20(RES-SMD-0805)
Add component (AddParameter): Name = "Class"; Value = "Passive"; VariantName = "[No Variations]"
Add component (AddParameter): Name = "Manufacturer"; Value = "Generic Components"; VariantName = "[No Variations]"
Add component (AddParameter): Name = "Published"; Value = "08/06/2000"; VariantName = "[No Variations]"
Add component (AddParameter): Name = "Publisher"; Value = "Altium Hobart Technology Centre"; VariantName = "[No Variations]"
Added Component: Designator=R21(RES-SMD-0805)
Add component (AddParameter): Name = "Class"; Value = "Passive"; VariantName = "[No Variations]"
Add component (AddParameter): Name = "Manufacturer"; Value = "Generic Components"; VariantName = "[No Variations]"
Add component (AddParameter): Name = "Published"; Value = "08/06/2000"; VariantName = "[No Variations]"
Add component (AddParameter): Name = "Publisher"; Value = "Altium Hobart Technology Centre"; VariantName = "[No Variations]"
Added Component: Designator=R22(RES-SMD-0805)
Add component (AddParameter): Name = "Class"; Value = "Passive"; VariantName = "[No Variations]"
Add component (AddParameter): Name = "Manufacturer"; Value = "Generic Components"; VariantName = "[No Variations]"
Add component (AddParameter): Name = "Published"; Value = "08/06/2000"; VariantName = "[No Variations]"
Add component (AddParameter): Name = "Publisher"; Value = "Altium Hobart Technology Centre"; VariantName = "[No Variations]"
Added Component: Designator=R23(RES-SMD-0805)
Add component (AddParameter): Name = "Class"; Value = "Passive"; VariantName = "[No Variations]"
Add component (AddParameter): Name = "Manufacturer"; Value = "Generic Components"; VariantName = "[No Variations]"
Add component (AddParameter): Name = "Published"; Value = "08/06/2000"; VariantName = "[No Variations]"
Add component (AddParameter): Name = "Publisher"; Value = "Altium Hobart Technology Centre"; VariantName = "[No Variations]"
Added Component: Designator=R24(RES-SMD-0805)
Add component (AddParameter): Name = "Class"; Value = "Passive"; VariantName = "[No Variations]"
Add component (AddParameter): Name = "Manufacturer"; Value = "Generic Components"; VariantName = "[No Variations]"
Add component (AddParameter): Name = "Published"; Value = "08/06/2000"; VariantName = "[No Variations]"
Add component (AddParameter): Name = "Publisher"; Value = "Altium Hobart Technology Centre"; VariantName = "[No Variations]"
Added Component: Designator=R25(RES-SMD-0805)
Add component (AddParameter): Name = "Class"; Value = "Passive"; VariantName = "[No Variations]"
Add component (AddParameter): Name = "Manufacturer"; Value = "Generic Components"; VariantName = "[No Variations]"
Add component (AddParameter): Name = "Published"; Value = "08/06/2000"; VariantName = "[No Variations]"
Add component (AddParameter): Name = "Publisher"; Value = "Altium Hobart Technology Centre"; VariantName = "[No Variations]"
Added Component: Designator=R26(RES-SMD-0805)
Add component (AddParameter): Name = "Class"; Value = "Passive"; VariantName = "[No Variations]"
Add component (AddParameter): Name = "Manufacturer"; Value = "Generic Components"; VariantName = "[No Variations]"
Add component (AddParameter): Name = "Published"; Value = "08/06/2000"; VariantName = "[No Variations]"
Add component (AddParameter): Name = "Publisher"; Value = "Altium Hobart Technology Centre"; VariantName = "[No Variations]"
Added Component: Designator=R27(RES-SMD-0805)
Add component (AddParameter): Name = "Class"; Value = "Passive"; VariantName = "[No Variations]"
Add component (AddParameter): Name = "Manufacturer"; Value = "Generic Components"; VariantName = "[No Variations]"
Add component (AddParameter): Name = "Published"; Value = "08/06/2000"; VariantName = "[No Variations]"
Add component (AddParameter): Name = "Publisher"; Value = "Altium Hobart Technology Centre"; VariantName = "[No Variations]"
Added Component: Designator=R28(RES-SMD-0805)
Add component (AddParameter): Name = "Class"; Value = "Passive"; VariantName = "[No Variations]"
Add component (AddParameter): Name = "Manufacturer"; Value = "Generic Components"; VariantName = "[No Variations]"
Add component (AddParameter): Name = "Published"; Value = "08/06/2000"; VariantName = "[No Variations]"
Add component (AddParameter): Name = "Publisher"; Value = "Altium Hobart Technology Centre"; VariantName = "[No Variations]"
Added Component: Designator=R29(RES-SMD-0805)
Add component (AddParameter): Name = "Class"; Value = "Passive"; VariantName = "[No Variations]"
Add component (AddParameter): Name = "Manufacturer"; Value = "Generic Components"; VariantName = "[No Variations]"
Add component (AddParameter): Name = "Published"; Value = "08/06/2000"; VariantName = "[No Variations]"
Add component (AddParameter): Name = "Publisher"; Value = "Altium Hobart Technology Centre"; VariantName = "[No Variations]"
Added Component: Designator=R30(RES-SMD-0805)
Add component (AddParameter): Name = "Class"; Value = "Passive"; VariantName = "[No Variations]"
Add component (AddParameter): Name = "Manufacturer"; Value = "Generic Components"; VariantName = "[No Variations]"
Add component (AddParameter): Name = "Published"; Value = "08/06/2000"; VariantName = "[No Variations]"
Add component (AddParameter): Name = "Publisher"; Value = "Altium Hobart Technology Centre"; VariantName = "[No Variations]"
Added Component: Designator=R31(RES-SMD-0805)
Add component (AddParameter): Name = "Class"; Value = "Passive"; VariantName = "[No Variations]"
Add component (AddParameter): Name = "Manufacturer"; Value = "Generic Components"; VariantName = "[No Variations]"
Add component (AddParameter): Name = "Published"; Value = "08/06/2000"; VariantName = "[No Variations]"
Add component (AddParameter): Name = "Publisher"; Value = "Altium Hobart Technology Centre"; VariantName = "[No Variations]"
Added Component: Designator=R32(RES-SMD-0805)
Add component (AddParameter): Name = "Class"; Value = "Passive"; VariantName = "[No Variations]"
Add component (AddParameter): Name = "Manufacturer"; Value = "Generic Components"; VariantName = "[No Variations]"
Add component (AddParameter): Name = "Published"; Value = "08/06/2000"; VariantName = "[No Variations]"
Add component (AddParameter): Name = "Publisher"; Value = "Altium Hobart Technology Centre"; VariantName = "[No Variations]"
Added Component: Designator=R33(RES-SMD-0805)
Add component (AddParameter): Name = "Class"; Value = "Passive"; VariantName = "[No Variations]"
Add component (AddParameter): Name = "Manufacturer"; Value = "Generic Components"; VariantName = "[No Variations]"
Add component (AddParameter): Name = "Published"; Value = "08/06/2000"; VariantName = "[No Variations]"
Add component (AddParameter): Name = "Publisher"; Value = "Altium Hobart Technology Centre"; VariantName = "[No Variations]"
Added Component: Designator=R34(RES-SMD-0805)
Add component (AddParameter): Name = "Class"; Value = "Passive"; VariantName = "[No Variations]"
Add component (AddParameter): Name = "Manufacturer"; Value = "Generic Components"; VariantName = "[No Variations]"
Add component (AddParameter): Name = "Published"; Value = "08/06/2000"; VariantName = "[No Variations]"
Add component (AddParameter): Name = "Publisher"; Value = "Altium Hobart Technology Centre"; VariantName = "[No Variations]"
Added Component: Designator=R35(RES-SMD-0805)
Add component (AddParameter): Name = "Class"; Value = "Passive"; VariantName = "[No Variations]"
Add component (AddParameter): Name = "Manufacturer"; Value = "Generic Components"; VariantName = "[No Variations]"
Add component (AddParameter): Name = "Published"; Value = "08/06/2000"; VariantName = "[No Variations]"
Add component (AddParameter): Name = "Publisher"; Value = "Altium Hobart Technology Centre"; VariantName = "[No Variations]"
Added Component: Designator=R36(RES-SMD-0805)
Add component (AddParameter): Name = "Class"; Value = "Passive"; VariantName = "[No Variations]"
Add component (AddParameter): Name = "Manufacturer"; Value = "Generic Components"; VariantName = "[No Variations]"
Add component (AddParameter): Name = "Published"; Value = "08/06/2000"; VariantName = "[No Variations]"
Add component (AddParameter): Name = "Publisher"; Value = "Altium Hobart Technology Centre"; VariantName = "[No Variations]"
Added Component: Designator=R37(RES-SMD-0805)
Add component (AddParameter): Name = "Class"; Value = "Passive"; VariantName = "[No Variations]"
Add component (AddParameter): Name = "Manufacturer"; Value = "Generic Components"; VariantName = "[No Variations]"
Add component (AddParameter): Name = "Published"; Value = "08/06/2000"; VariantName = "[No Variations]"
Add component (AddParameter): Name = "Publisher"; Value = "Altium Hobart Technology Centre"; VariantName = "[No Variations]"
Added Component: Designator=R38(RES-SMD-0805)
Add component (AddParameter): Name = "Class"; Value = "Passive"; VariantName = "[No Variations]"
Add component (AddParameter): Name = "Manufacturer"; Value = "Generic Components"; VariantName = "[No Variations]"
Add component (AddParameter): Name = "Published"; Value = "08/06/2000"; VariantName = "[No Variations]"
Add component (AddParameter): Name = "Publisher"; Value = "Altium Hobart Technology Centre"; VariantName = "[No Variations]"
Added Component: Designator=R39(RES-SMD-0805)
Add component (AddParameter): Name = "Class"; Value = "Passive"; VariantName = "[No Variations]"
Add component (AddParameter): Name = "Manufacturer"; Value = "Generic Components"; VariantName = "[No Variations]"
Add component (AddParameter): Name = "Published"; Value = "08/06/2000"; VariantName = "[No Variations]"
Add component (AddParameter): Name = "Publisher"; Value = "Altium Hobart Technology Centre"; VariantName = "[No Variations]"
Added Component: Designator=R40(RES-SMD-0805)
Add component (AddParameter): Name = "Class"; Value = "Passive"; VariantName = "[No Variations]"
Add component (AddParameter): Name = "Manufacturer"; Value = "Generic Components"; VariantName = "[No Variations]"
Add component (AddParameter): Name = "Published"; Value = "08/06/2000"; VariantName = "[No Variations]"
Add component (AddParameter): Name = "Publisher"; Value = "Altium Hobart Technology Centre"; VariantName = "[No Variations]"
Added Component: Designator=R41(RES-SMD-0805)
Add component (AddParameter): Name = "Class"; Value = "Passive"; VariantName = "[No Variations]"
Add component (AddParameter): Name = "Manufacturer"; Value = "Generic Components"; VariantName = "[No Variations]"
Add component (AddParameter): Name = "Published"; Value = "08/06/2000"; VariantName = "[No Variations]"
Add component (AddParameter): Name = "Publisher"; Value = "Altium Hobart Technology Centre"; VariantName = "[No Variations]"
Added Component: Designator=SW1(SW2)
Add component (AddParameter): Name = "Value"; Value = "SW chip 2 pin"; VariantName = "[No Variations]"
Added Component: Designator=SW2(SW2)
Add component (AddParameter): Name = "Value"; Value = "SW chip 2 pin"; VariantName = "[No Variations]"
Added Component: Designator=SW3(SW2)
Add component (AddParameter): Name = "Value"; Value = "SW chip 2 pin"; VariantName = "[No Variations]"
Added Component: Designator=SW4(SW2)
Add component (AddParameter): Name = "Value"; Value = "SW chip 2 pin"; VariantName = "[No Variations]"
Added Component: Designator=T1(TO252_NEW)
Add component (AddParameter): Name = "Chung_Loai"; Value = "Dán"; VariantName = "[No Variations]"
Add component (AddParameter): Name = "Don_Vi"; Value = "Con"; VariantName = "[No Variations]"
Add component (AddParameter): Name = "Ghi_Chu"; Value = ""; VariantName = "[No Variations]"
Add component (AddParameter): Name = "Kieu_Chan"; Value = ""; VariantName = "[No Variations]"
Add component (AddParameter): Name = "Ma_Hang"; Value = "MH007260"; VariantName = "[No Variations]"
Add component (AddParameter): Name = "Ten_Linh_Kien"; Value = "TIP42C TO252 TRANS PNP 6A 100V (SMD-J42C)"; VariantName = "[No Variations]"
Added Component: Designator=U1(MODULE_ESP32_DEVKIT_V1)
Add component (AddParameter): Name = "Availability"; Value = "Not in stock"; VariantName = "[No Variations]"
Add component (AddParameter): Name = "Check_prices"; Value = "https://www.snapeda.com/parts/ESP32-DEVKIT-V1/Do+it/view-part/?ref=eda"; VariantName = "[No Variations]"
Add component (AddParameter): Name = "MF"; Value = "Do it"; VariantName = "[No Variations]"
Add component (AddParameter): Name = "MP"; Value = "ESP32-DEVKIT-V1"; VariantName = "[No Variations]"
Add component (AddParameter): Name = "Package"; Value = "None"; VariantName = "[No Variations]"
Add component (AddParameter): Name = "Price"; Value = "None"; VariantName = "[No Variations]"
Add component (AddParameter): Name = "SnapEDA_Link"; Value = "https://www.snapeda.com/parts/ESP32-DEVKIT-V1/Do+it/view-part/?ref=snap"; VariantName = "[No Variations]"
Add component (AddParameter): Name = "Value"; Value = ""; VariantName = "[No Variations]"
Added Component: Designator=U2(MODULE_ESP32-WROOM-32D)
Add component (AddParameter): Name = "Availability"; Value = "In Stock"; VariantName = "[No Variations]"
Add component (AddParameter): Name = "Check_prices"; Value = "https://www.snapeda.com/parts/ESP32-WROOM-32D/Espressif+Systems/view-part/?ref=eda"; VariantName = "[No Variations]"
Add component (AddParameter): Name = "MF"; Value = "Espressif Systems"; VariantName = "[No Variations]"
Add component (AddParameter): Name = "MP"; Value = "ESP32-WROOM-32D"; VariantName = "[No Variations]"
Add component (AddParameter): Name = "Package"; Value = "Module Espressif Systems"; VariantName = "[No Variations]"
Add component (AddParameter): Name = "Price"; Value = "None"; VariantName = "[No Variations]"
Add component (AddParameter): Name = "Purchase-URL"; Value = "https://pricing.snapeda.com/search/part/ESP32-WROOM-32D/?ref=eda"; VariantName = "[No Variations]"
Add component (AddParameter): Name = "SnapEDA_Link"; Value = "https://www.snapeda.com/parts/ESP32-WROOM-32D/Espressif+Systems/view-part/?ref=snap"; VariantName = "[No Variations]"
Add component (AddParameter): Name = "Value"; Value = ""; VariantName = "[No Variations]"
Added Component: Designator=U3(SOIC127P600X175-8N)
Add component (AddParameter): Name = "Availability"; Value = "In Stock"; VariantName = "[No Variations]"
Add component (AddParameter): Name = "Check_prices"; Value = "https://www.snapeda.com/parts/ACS712ELCTR-30A-T/Allegro+Industries/view-part/?ref=eda"; VariantName = "[No Variations]"
Add component (AddParameter): Name = "MF"; Value = "Allegro"; VariantName = "[No Variations]"
Add component (AddParameter): Name = "MP"; Value = "ACS712ELCTR-30A-T"; VariantName = "[No Variations]"
Add component (AddParameter): Name = "Package"; Value = "SOIC-8 Allegro MicroSystems LLC"; VariantName = "[No Variations]"
Add component (AddParameter): Name = "Price"; Value = "None"; VariantName = "[No Variations]"
Add component (AddParameter): Name = "Purchase-URL"; Value = "https://pricing.snapeda.com/search/part/ACS712ELCTR-30A-T/?ref=eda"; VariantName = "[No Variations]"
Add component (AddParameter): Name = "SnapEDA_Link"; Value = "https://www.snapeda.com/parts/ACS712ELCTR-30A-T/Allegro+Industries/view-part/?ref=snap"; VariantName = "[No Variations]"
Add component (AddParameter): Name = "Value"; Value = ""; VariantName = "[No Variations]"
Added Component: Designator=U4(SOT223)
Add component (AddParameter): Name = "Creator"; Value = "Nguyen Ba Bien"; VariantName = "[No Variations]"
Add component (AddParameter): Name = "Website"; Value = "http://group3i.net"; VariantName = "[No Variations]"
Added Component: Designator=U5(SOIC127P600X180-16N)
Add component (AddParameter): Name = "Availability"; Value = "Not in stock"; VariantName = "[No Variations]"
Add component (AddParameter): Name = "Check_prices"; Value = "https://www.snapeda.com/parts/Ch340G/WCH/view-part/?ref=eda"; VariantName = "[No Variations]"
Add component (AddParameter): Name = "MF"; Value = "WCH"; VariantName = "[No Variations]"
Add component (AddParameter): Name = "MP"; Value = "Ch340G"; VariantName = "[No Variations]"
Add component (AddParameter): Name = "Package"; Value = "None"; VariantName = "[No Variations]"
Add component (AddParameter): Name = "Price"; Value = "None"; VariantName = "[No Variations]"
Add component (AddParameter): Name = "SnapEDA_Link"; Value = "https://www.snapeda.com/parts/Ch340G/WCH/view-part/?ref=snap"; VariantName = "[No Variations]"
Add component (AddParameter): Name = "Value"; Value = ""; VariantName = "[No Variations]"
Added Component: Designator=U6(dip8)
Added Component: Designator=U7(SOIC127P600X175-8N)
Add component (AddParameter): Name = "Availability"; Value = "In Stock"; VariantName = "[No Variations]"
Add component (AddParameter): Name = "Check_prices"; Value = "https://www.snapeda.com/parts/ACS712ELCTR-30A-T/Allegro+Industries/view-part/?ref=eda"; VariantName = "[No Variations]"
Add component (AddParameter): Name = "MF"; Value = "Allegro"; VariantName = "[No Variations]"
Add component (AddParameter): Name = "MP"; Value = "ACS712ELCTR-30A-T"; VariantName = "[No Variations]"
Add component (AddParameter): Name = "Package"; Value = "SOIC-8 Allegro MicroSystems LLC"; VariantName = "[No Variations]"
Add component (AddParameter): Name = "Price"; Value = "None"; VariantName = "[No Variations]"
Add component (AddParameter): Name = "Purchase-URL"; Value = "https://pricing.snapeda.com/search/part/ACS712ELCTR-30A-T/?ref=eda"; VariantName = "[No Variations]"
Add component (AddParameter): Name = "SnapEDA_Link"; Value = "https://www.snapeda.com/parts/ACS712ELCTR-30A-T/Allegro+Industries/view-part/?ref=snap"; VariantName = "[No Variations]"
Add component (AddParameter): Name = "Value"; Value = ""; VariantName = "[No Variations]"
Added Component: Designator=U8(XDCR_ACS770KCB-150U-PFF-T)
Add component (AddParameter): Name = "Availability"; Value = "In Stock"; VariantName = "[No Variations]"
Add component (AddParameter): Name = "Check_prices"; Value = "https://www.snapeda.com/parts/ACS758LCB-100B-PFF-T/Allegro+Industries/view-part/?ref=eda"; VariantName = "[No Variations]"
Add component (AddParameter): Name = "MF"; Value = "Allegro"; VariantName = "[No Variations]"
Add component (AddParameter): Name = "MP"; Value = "ACS758LCB-100B-PFF-T"; VariantName = "[No Variations]"
Add component (AddParameter): Name = "Package"; Value = "5-CB-5 Allegro MicroSystems LLC"; VariantName = "[No Variations]"
Add component (AddParameter): Name = "Price"; Value = "None"; VariantName = "[No Variations]"
Add component (AddParameter): Name = "Purchase-URL"; Value = "https://pricing.snapeda.com/search/part/ACS758LCB-100B-PFF-T/?ref=eda"; VariantName = "[No Variations]"
Add component (AddParameter): Name = "SnapEDA_Link"; Value = "https://www.snapeda.com/parts/ACS758LCB-100B-PFF-T/Allegro+Industries/view-part/?ref=snap"; VariantName = "[No Variations]"
Add component (AddParameter): Name = "Value"; Value = ""; VariantName = "[No Variations]"
Added Component: Designator=U9(SOP50P490X110-10N)
Add component (AddParameter): Name = "Availability"; Value = "Unavailable"; VariantName = "[No Variations]"
Add component (AddParameter): Name = "MF"; Value = ""; VariantName = "[No Variations]"
Add component (AddParameter): Name = "MP"; Value = "ADS1115IDGST"; VariantName = "[No Variations]"
Add component (AddParameter): Name = "Package"; Value = "None"; VariantName = "[No Variations]"
Add component (AddParameter): Name = "Price"; Value = "None"; VariantName = "[No Variations]"
Add component (AddParameter): Name = "Value"; Value = ""; VariantName = "[No Variations]"
Added Component: Designator=U10(21-0041B_8)
Add component (AddParameter): Name = "Availability"; Value = "Unavailable"; VariantName = "[No Variations]"
Add component (AddParameter): Name = "MF"; Value = ""; VariantName = "[No Variations]"
Add component (AddParameter): Name = "MP"; Value = "MAX4213ESA"; VariantName = "[No Variations]"
Add component (AddParameter): Name = "Package"; Value = "None"; VariantName = "[No Variations]"
Add component (AddParameter): Name = "Price"; Value = "None"; VariantName = "[No Variations]"
Add component (AddParameter): Name = "Value"; Value = ""; VariantName = "[No Variations]"
Added Component: Designator=X1(FUSE_3522-2)
Add component (AddParameter): Name = "Availability"; Value = "Unavailable"; VariantName = "[No Variations]"
Add component (AddParameter): Name = "MF"; Value = "{'manufacturer': u'Keystone Electronics'}"; VariantName = "[No Variations]"
Add component (AddParameter): Name = "MP"; Value = "3522-2"; VariantName = "[No Variations]"
Add component (AddParameter): Name = "Package"; Value = "None"; VariantName = "[No Variations]"
Add component (AddParameter): Name = "Price"; Value = "None"; VariantName = "[No Variations]"
Add component (AddParameter): Name = "Value"; Value = ""; VariantName = "[No Variations]"
Added Component: Designator=X2(FUSE_3522-2)
Add component (AddParameter): Name = "Availability"; Value = "Unavailable"; VariantName = "[No Variations]"
Add component (AddParameter): Name = "MF"; Value = "{'manufacturer': u'Keystone Electronics'}"; VariantName = "[No Variations]"
Add component (AddParameter): Name = "MP"; Value = "3522-2"; VariantName = "[No Variations]"
Add component (AddParameter): Name = "Package"; Value = "None"; VariantName = "[No Variations]"
Add component (AddParameter): Name = "Price"; Value = "None"; VariantName = "[No Variations]"
Add component (AddParameter): Name = "Value"; Value = ""; VariantName = "[No Variations]"
Added Pin To Net: NetName=+5V Pin=*-4
Added Pin To Net: NetName=+5V Pin=C3-2
Added Pin To Net: NetName=+5V Pin=C14-2
Added Pin To Net: NetName=+5V Pin=C15-2
Added Pin To Net: NetName=+5V Pin=C18-2
Added Pin To Net: NetName=+5V Pin=C19-1
Added Pin To Net: NetName=+5V Pin=C21-1
Added Pin To Net: NetName=+5V Pin=C22-1
Added Pin To Net: NetName=+5V Pin=C32-2
Added Pin To Net: NetName=+5V Pin=C33-2
Added Pin To Net: NetName=+5V Pin=D2-1
Added Pin To Net: NetName=+5V Pin=J1-6
Added Pin To Net: NetName=+5V Pin=J8-1
Added Pin To Net: NetName=+5V Pin=J9-A4
Added Pin To Net: NetName=+5V Pin=J9-A9
Added Pin To Net: NetName=+5V Pin=J9-B4
Added Pin To Net: NetName=+5V Pin=J9-B9
Added Pin To Net: NetName=+5V Pin=JP4-10
Added Pin To Net: NetName=+5V Pin=LS1-1
Added Pin To Net: NetName=+5V Pin=R19-1
Added Pin To Net: NetName=+5V Pin=R29-1
Added Pin To Net: NetName=+5V Pin=R31-1
Added Pin To Net: NetName=+5V Pin=R39-2
Added Pin To Net: NetName=+5V Pin=R40-1
Added Pin To Net: NetName=+5V Pin=R41-2
Added Pin To Net: NetName=+5V Pin=U1-30
Added Pin To Net: NetName=+5V Pin=U3-8
Added Pin To Net: NetName=+5V Pin=U4-3
Added Pin To Net: NetName=+5V Pin=U6-1
Added Pin To Net: NetName=+5V Pin=U7-8
Added Pin To Net: NetName=+5V Pin=U8-1
Added Pin To Net: NetName=+5V Pin=U10-7
Added Net: Name=+5V
Added Pin To Net: NetName=+12V Pin=90-12V BUCK-4
Added Pin To Net: NetName=+12V Pin=*-1
Added Pin To Net: NetName=+12V Pin=C13-1
Added Pin To Net: NetName=+12V Pin=C20-1
Added Pin To Net: NetName=+12V Pin=JP3-1
Added Pin To Net: NetName=+12V Pin=Q2-2
Added Pin To Net: NetName=+12V Pin=Q9-2
Added Pin To Net: NetName=+12V Pin=R1-1
Added Pin To Net: NetName=+12V Pin=R11-1
Added Pin To Net: NetName=+12V Pin=R20-1
Added Net: Name=+12V
Added Pin To Net: NetName=3.3V Pin=C11-2
Added Pin To Net: NetName=3.3V Pin=J4-6
Added Pin To Net: NetName=3.3V Pin=J5-4
Added Pin To Net: NetName=3.3V Pin=JP1-2
Added Pin To Net: NetName=3.3V Pin=JP2-2
Added Pin To Net: NetName=3.3V Pin=R2-2
Added Pin To Net: NetName=3.3V Pin=SW1-2
Added Pin To Net: NetName=3.3V Pin=SW2-2
Added Pin To Net: NetName=3.3V Pin=SW3-2
Added Pin To Net: NetName=3.3V Pin=SW4-2
Added Pin To Net: NetName=3.3V Pin=U1-1
Added Pin To Net: NetName=3.3V Pin=U2-2
Added Pin To Net: NetName=3.3V Pin=U4-2
Added Pin To Net: NetName=3.3V Pin=U5-4
Added Pin To Net: NetName=3.3V Pin=U5-16
Added Net: Name=3.3V
Added Pin To Net: NetName=A0 Pin=C10-2
Added Pin To Net: NetName=A0 Pin=JP4-4
Added Pin To Net: NetName=A0 Pin=R4-2
Added Pin To Net: NetName=A0 Pin=R5-1
Added Pin To Net: NetName=A0 Pin=U9-4
Added Net: Name=A0
Added Pin To Net: NetName=A1 Pin=JP4-3
Added Pin To Net: NetName=A1 Pin=U3-7
Added Pin To Net: NetName=A1 Pin=U9-5
Added Net: Name=A1
Added Pin To Net: NetName=A2 Pin=C30-2
Added Pin To Net: NetName=A2 Pin=JP4-2
Added Pin To Net: NetName=A2 Pin=R22-2
Added Pin To Net: NetName=A2 Pin=R26-1
Added Pin To Net: NetName=A2 Pin=U9-6
Added Net: Name=A2
Added Pin To Net: NetName=A3 Pin=J8-3
Added Pin To Net: NetName=A3 Pin=JP4-1
Added Pin To Net: NetName=A3 Pin=R36-1
Added Pin To Net: NetName=A3 Pin=U9-7
Added Pin To Net: NetName=A3 Pin=U10-6
Added Net: Name=A3
Added Pin To Net: NetName=ADDR Pin=JP4-6
Added Net: Name=ADDR
Added Pin To Net: NetName=ALERT Pin=JP4-5
Added Pin To Net: NetName=ALERT Pin=R39-1
Added Pin To Net: NetName=ALERT Pin=U1-10
Added Pin To Net: NetName=ALERT Pin=U2-31
Added Pin To Net: NetName=ALERT Pin=U9-2
Added Net: Name=ALERT
Added Pin To Net: NetName=BACK Pin=J4-5
Added Pin To Net: NetName=BACK Pin=R13-2
Added Pin To Net: NetName=BACK Pin=SW1-1
Added Pin To Net: NetName=BACK Pin=U1-3
Added Pin To Net: NetName=BACK Pin=U2-23
Added Net: Name=BACK
Added Pin To Net: NetName=BAT_TEMP Pin=C17-2
Added Pin To Net: NetName=BAT_TEMP Pin=JP2-1
Added Pin To Net: NetName=BAT_TEMP Pin=R8-1
Added Pin To Net: NetName=BAT_TEMP Pin=U1-23
Added Pin To Net: NetName=BAT_TEMP Pin=U2-10
Added Net: Name=BAT_TEMP
Added Pin To Net: NetName=Buck12V_IN Pin=90-12V BUCK-1
Added Pin To Net: NetName=Buck12V_IN Pin=DIO1-2
Added Pin To Net: NetName=Buck12V_IN Pin=DIO2-2
Added Net: Name=Buck12V_IN
Added Pin To Net: NetName=D+ Pin=J9-A6
Added Pin To Net: NetName=D+ Pin=J9-B6
Added Pin To Net: NetName=D+ Pin=U5-5
Added Net: Name=D+
Added Pin To Net: NetName=D- Pin=J9-A7
Added Pin To Net: NetName=D- Pin=J9-B7
Added Pin To Net: NetName=D- Pin=U5-6
Added Net: Name=D-
Added Pin To Net: NetName=DOWN Pin=J4-3
Added Pin To Net: NetName=DOWN Pin=R15-2
Added Pin To Net: NetName=DOWN Pin=SW3-1
Added Pin To Net: NetName=DOWN Pin=U1-5
Added Pin To Net: NetName=DOWN Pin=U2-26
Added Net: Name=DOWN
Added Pin To Net: NetName=EN Pin=J1-3
Added Pin To Net: NetName=EN Pin=U1-26
Added Pin To Net: NetName=EN Pin=U2-13
Added Net: Name=EN
Added Pin To Net: NetName=ESP_EN Pin=Q4-2
Added Pin To Net: NetName=ESP_EN Pin=R2-1
Added Pin To Net: NetName=ESP_EN Pin=U1-16
Added Pin To Net: NetName=ESP_EN Pin=U2-3
Added Net: Name=ESP_EN
Added Pin To Net: NetName=ESP_IO0 Pin=Q3-2
Added Pin To Net: NetName=ESP_IO0 Pin=U2-25
Added Net: Name=ESP_IO0
Added Pin To Net: NetName=ESP_RX Pin=U5-3
Added Net: Name=ESP_RX
Added Pin To Net: NetName=ESP_TX Pin=U5-2
Added Net: Name=ESP_TX
Added Pin To Net: NetName=FAN_EN Pin=R9-2
Added Pin To Net: NetName=FAN_EN Pin=U1-20
Added Pin To Net: NetName=FAN_EN Pin=U2-7
Added Net: Name=FAN_EN
Added Pin To Net: NetName=GND Pin=90-12V BUCK-2
Added Pin To Net: NetName=GND Pin=90-12V BUCK-3
Added Pin To Net: NetName=GND Pin=*-2
Added Pin To Net: NetName=GND Pin=*-3
Added Pin To Net: NetName=GND Pin=C1-1
Added Pin To Net: NetName=GND Pin=C2-1
Added Pin To Net: NetName=GND Pin=C3-1
Added Pin To Net: NetName=GND Pin=C6-2
Added Pin To Net: NetName=GND Pin=C7-2
Added Pin To Net: NetName=GND Pin=C8-2
Added Pin To Net: NetName=GND Pin=C9-2
Added Pin To Net: NetName=GND Pin=C11-1
Added Pin To Net: NetName=GND Pin=C12-1
Added Pin To Net: NetName=GND Pin=C13-2
Added Pin To Net: NetName=GND Pin=C14-1
Added Pin To Net: NetName=GND Pin=C15-1
Added Pin To Net: NetName=GND Pin=C16-1
Added Pin To Net: NetName=GND Pin=C17-1
Added Pin To Net: NetName=GND Pin=C18-1
Added Pin To Net: NetName=GND Pin=C19-2
Added Pin To Net: NetName=GND Pin=C20-2
Added Pin To Net: NetName=GND Pin=C21-2
Added Pin To Net: NetName=GND Pin=C22-2
Added Pin To Net: NetName=GND Pin=C27-1
Added Pin To Net: NetName=GND Pin=C28-2
Added Pin To Net: NetName=GND Pin=C29-2
Added Pin To Net: NetName=GND Pin=C31-1
Added Pin To Net: NetName=GND Pin=C32-1
Added Pin To Net: NetName=GND Pin=C33-1
Added Pin To Net: NetName=GND Pin=J1-1
Added Pin To Net: NetName=GND Pin=J4-1
Added Pin To Net: NetName=GND Pin=J5-3
Added Pin To Net: NetName=GND Pin=J8-2
Added Pin To Net: NetName=GND Pin=J9-A1
Added Pin To Net: NetName=GND Pin=J9-A12
Added Pin To Net: NetName=GND Pin=J9-B1
Added Pin To Net: NetName=GND Pin=J9-B12
Added Pin To Net: NetName=GND Pin=J9-S1
Added Pin To Net: NetName=GND Pin=J9-S2
Added Pin To Net: NetName=GND Pin=J9-S3
Added Pin To Net: NetName=GND Pin=J9-S4
Added Pin To Net: NetName=GND Pin=JP4-9
Added Pin To Net: NetName=GND Pin=LED2-2
Added Pin To Net: NetName=GND Pin=LED3-2
Added Pin To Net: NetName=GND Pin=Q2-3
Added Pin To Net: NetName=GND Pin=Q5-3
Added Pin To Net: NetName=GND Pin=Q10-3
Added Pin To Net: NetName=GND Pin=Q11-3
Added Pin To Net: NetName=GND Pin=R6-2
Added Pin To Net: NetName=GND Pin=R7-2
Added Pin To Net: NetName=GND Pin=R8-2
Added Pin To Net: NetName=GND Pin=R13-1
Added Pin To Net: NetName=GND Pin=R14-1
Added Pin To Net: NetName=GND Pin=R15-1
Added Pin To Net: NetName=GND Pin=R16-1
Added Pin To Net: NetName=GND Pin=R23-1
Added Pin To Net: NetName=GND Pin=R24-1
Added Pin To Net: NetName=GND Pin=R28-2
Added Pin To Net: NetName=GND Pin=R30-2
Added Pin To Net: NetName=GND Pin=R34-2
Added Pin To Net: NetName=GND Pin=R35-2
Added Pin To Net: NetName=GND Pin=R37-2
Added Pin To Net: NetName=GND Pin=R38-1
Added Pin To Net: NetName=GND Pin=T1-3
Added Pin To Net: NetName=GND Pin=U1-2
Added Pin To Net: NetName=GND Pin=U1-29
Added Pin To Net: NetName=GND Pin=U2-1
Added Pin To Net: NetName=GND Pin=U2-15
Added Pin To Net: NetName=GND Pin=U2-38
Added Pin To Net: NetName=GND Pin=U2-39_1
Added Pin To Net: NetName=GND Pin=U2-39_2
Added Pin To Net: NetName=GND Pin=U2-39_3
Added Pin To Net: NetName=GND Pin=U2-39_4
Added Pin To Net: NetName=GND Pin=U2-39_5
Added Pin To Net: NetName=GND Pin=U2-39_6
Added Pin To Net: NetName=GND Pin=U2-39_7
Added Pin To Net: NetName=GND Pin=U2-39_8
Added Pin To Net: NetName=GND Pin=U2-39_9
Added Pin To Net: NetName=GND Pin=U2-39_10
Added Pin To Net: NetName=GND Pin=U2-39_11
Added Pin To Net: NetName=GND Pin=U2-39_12
Added Pin To Net: NetName=GND Pin=U2-39_13
Added Pin To Net: NetName=GND Pin=U2-39_14
Added Pin To Net: NetName=GND Pin=U2-39_15
Added Pin To Net: NetName=GND Pin=U2-39_16
Added Pin To Net: NetName=GND Pin=U2-39_17
Added Pin To Net: NetName=GND Pin=U2-39_18
Added Pin To Net: NetName=GND Pin=U2-39_19
Added Pin To Net: NetName=GND Pin=U2-39_20
Added Pin To Net: NetName=GND Pin=U2-39_21
Added Pin To Net: NetName=GND Pin=U3-1
Added Pin To Net: NetName=GND Pin=U3-2
Added Pin To Net: NetName=GND Pin=U3-6
Added Pin To Net: NetName=GND Pin=U4-1
Added Pin To Net: NetName=GND Pin=U5-1
Added Pin To Net: NetName=GND Pin=U6-4
Added Pin To Net: NetName=GND Pin=U7-3
Added Pin To Net: NetName=GND Pin=U7-4
Added Pin To Net: NetName=GND Pin=U7-6
Added Pin To Net: NetName=GND Pin=U8-2
Added Pin To Net: NetName=GND Pin=U10-4
Added Net: Name=GND
Added Pin To Net: NetName=LED_STATE Pin=LED1-1
Added Pin To Net: NetName=LED_STATE Pin=U1-9
Added Pin To Net: NetName=LED_STATE Pin=U2-30
Added Net: Name=LED_STATE
Added Pin To Net: NetName=LED Pin=J1-2
Added Pin To Net: NetName=LED Pin=U1-25
Added Pin To Net: NetName=LED Pin=U2-12
Added Net: Name=LED
Added Pin To Net: NetName=LOAD_EN Pin=R25-2
Added Net: Name=LOAD_EN
Added Pin To Net: NetName=MOSFET_TEMP Pin=C16-2
Added Pin To Net: NetName=MOSFET_TEMP Pin=JP1-1
Added Pin To Net: NetName=MOSFET_TEMP Pin=R7-1
Added Pin To Net: NetName=MOSFET_TEMP Pin=U1-24
Added Pin To Net: NetName=MOSFET_TEMP Pin=U2-11
Added Net: Name=MOSFET_TEMP
Added Pin To Net: NetName=MPPT_Isens Pin=R33-2
Added Pin To Net: NetName=MPPT_Isens Pin=R35-1
Added Pin To Net: NetName=MPPT_Isens Pin=U1-19
Added Pin To Net: NetName=MPPT_Isens Pin=U2-6
Added Net: Name=MPPT_Isens
Added Pin To Net: NetName=NetC4_2 Pin=C4-2
Added Pin To Net: NetName=NetC4_2 Pin=C8-1
Added Net: Name=NetC4_2
Added Pin To Net: NetName=NetC5_2 Pin=C5-2
Added Pin To Net: NetName=NetC5_2 Pin=C9-1
Added Net: Name=NetC5_2
Added Pin To Net: NetName=NetC10_1 Pin=C10-1
Added Pin To Net: NetName=NetC10_1 Pin=J3-2
Added Pin To Net: NetName=NetC10_1 Pin=R5-2
Added Pin To Net: NetName=NetC10_1 Pin=U3-3
Added Pin To Net: NetName=NetC10_1 Pin=U3-4
Added Net: Name=NetC10_1
Added Pin To Net: NetName=NetC12_2 Pin=C12-2
Added Pin To Net: NetName=NetC12_2 Pin=U3-5
Added Net: Name=NetC12_2
Added Pin To Net: NetName=NetC23_1 Pin=C23-1
Added Pin To Net: NetName=NetC23_1 Pin=L1-1
Added Pin To Net: NetName=NetC23_1 Pin=Q6-3
Added Pin To Net: NetName=NetC23_1 Pin=Q7-3
Added Pin To Net: NetName=NetC23_1 Pin=Q10-2
Added Pin To Net: NetName=NetC23_1 Pin=Q11-2
Added Pin To Net: NetName=NetC23_1 Pin=R21-2
Added Pin To Net: NetName=NetC23_1 Pin=U6-6
Added Net: Name=NetC23_1
Added Pin To Net: NetName=NetC23_2 Pin=C23-2
Added Pin To Net: NetName=NetC23_2 Pin=D2-2
Added Pin To Net: NetName=NetC23_2 Pin=U6-8
Added Net: Name=NetC23_2
Added Pin To Net: NetName=NetC24_1 Pin=C24-1
Added Pin To Net: NetName=NetC24_1 Pin=C25-2
Added Pin To Net: NetName=NetC24_1 Pin=C26-2
Added Pin To Net: NetName=NetC24_1 Pin=J6-2
Added Pin To Net: NetName=NetC24_1 Pin=U7-1
Added Pin To Net: NetName=NetC24_1 Pin=U7-2
Added Pin To Net: NetName=NetC24_1 Pin=U8-5
Added Net: Name=NetC24_1
Added Pin To Net: NetName=NetC24_2 Pin=C24-2
Added Pin To Net: NetName=NetC24_2 Pin=C25-1
Added Pin To Net: NetName=NetC24_2 Pin=C26-1
Added Pin To Net: NetName=NetC24_2 Pin=C27-2
Added Pin To Net: NetName=NetC24_2 Pin=C28-1
Added Pin To Net: NetName=NetC24_2 Pin=C29-1
Added Pin To Net: NetName=NetC24_2 Pin=DIO2-1
Added Pin To Net: NetName=NetC24_2 Pin=J6-1
Added Pin To Net: NetName=NetC24_2 Pin=L1-2
Added Pin To Net: NetName=NetC24_2 Pin=R22-1
Added Pin To Net: NetName=NetC24_2 Pin=X2-1A
Added Pin To Net: NetName=NetC24_2 Pin=X2-1B
Added Net: Name=NetC24_2
Added Pin To Net: NetName=NetC30_1 Pin=C30-1
Added Pin To Net: NetName=NetC30_1 Pin=J7-2
Added Pin To Net: NetName=NetC30_1 Pin=Q9-3
Added Pin To Net: NetName=NetC30_1 Pin=R26-2
Added Pin To Net: NetName=NetC30_1 Pin=U8-4
Added Net: Name=NetC30_1
Added Pin To Net: NetName=NetC31_2 Pin=C31-2
Added Pin To Net: NetName=NetC31_2 Pin=U7-5
Added Net: Name=NetC31_2
Added Pin To Net: NetName=NetC34_1 Pin=C34-1
Added Pin To Net: NetName=NetC34_1 Pin=R38-2
Added Pin To Net: NetName=NetC34_1 Pin=U9-3
Added Net: Name=NetC34_1
Added Pin To Net: NetName=NetC34_2 Pin=C34-2
Added Pin To Net: NetName=NetC34_2 Pin=R29-2
Added Pin To Net: NetName=NetC34_2 Pin=U9-8
Added Net: Name=NetC34_2
Added Pin To Net: NetName=NetD1_1 Pin=D1-1
Added Pin To Net: NetName=NetD1_1 Pin=Q6-1
Added Pin To Net: NetName=NetD1_1 Pin=Q7-1
Added Pin To Net: NetName=NetD1_1 Pin=R18-1
Added Pin To Net: NetName=NetD1_1 Pin=R21-1
Added Net: Name=NetD1_1
Added Pin To Net: NetName=NetD1_2 Pin=D1-2
Added Pin To Net: NetName=NetD1_2 Pin=R18-2
Added Pin To Net: NetName=NetD1_2 Pin=U6-7
Added Net: Name=NetD1_2
Added Pin To Net: NetName=NetD3_1 Pin=D3-1
Added Pin To Net: NetName=NetD3_1 Pin=Q10-1
Added Pin To Net: NetName=NetD3_1 Pin=Q11-1
Added Pin To Net: NetName=NetD3_1 Pin=R27-2
Added Pin To Net: NetName=NetD3_1 Pin=R28-1
Added Net: Name=NetD3_1
Added Pin To Net: NetName=NetD3_2 Pin=D3-2
Added Pin To Net: NetName=NetD3_2 Pin=R27-1
Added Pin To Net: NetName=NetD3_2 Pin=U6-5
Added Net: Name=NetD3_2
Added Pin To Net: NetName=NetDIO1_1 Pin=DIO1-1
Added Pin To Net: NetName=NetDIO1_1 Pin=Q1-3
Added Pin To Net: NetName=NetDIO1_1 Pin=R4-1
Added Pin To Net: NetName=NetDIO1_1 Pin=X1-2A
Added Pin To Net: NetName=NetDIO1_1 Pin=X1-2B
Added Net: Name=NetDIO1_1
Added Pin To Net: NetName=NetJ3_1 Pin=J3-1
Added Pin To Net: NetName=NetJ3_1 Pin=X1-1A
Added Pin To Net: NetName=NetJ3_1 Pin=X1-1B
Added Net: Name=NetJ3_1
Added Pin To Net: NetName=NetJ7_1 Pin=J7-1
Added Pin To Net: NetName=NetJ7_1 Pin=Q8-2
Added Net: Name=NetJ7_1
Added Pin To Net: NetName=NetJ9_A5 Pin=J9-A5
Added Pin To Net: NetName=NetJ9_A5 Pin=R34-1
Added Net: Name=NetJ9_A5
Added Pin To Net: NetName=NetJ9_B5 Pin=J9-B5
Added Pin To Net: NetName=NetJ9_B5 Pin=R37-1
Added Net: Name=NetJ9_B5
Added Pin To Net: NetName=NetJP3_2 Pin=JP3-2
Added Pin To Net: NetName=NetJP3_2 Pin=T1-2
Added Net: Name=NetJP3_2
Added Pin To Net: NetName=NetLED1_2 Pin=LED1-2
Added Pin To Net: NetName=NetLED1_2 Pin=R6-1
Added Net: Name=NetLED1_2
Added Pin To Net: NetName=NetLED2_1 Pin=LED2-1
Added Pin To Net: NetName=NetLED2_1 Pin=R11-2
Added Net: Name=NetLED2_1
Added Pin To Net: NetName=NetLED3_1 Pin=LED3-1
Added Pin To Net: NetName=NetLED3_1 Pin=R19-2
Added Net: Name=NetLED3_1
Added Pin To Net: NetName=NetLS1_2 Pin=LS1-2
Added Pin To Net: NetName=NetLS1_2 Pin=Q5-2
Added Net: Name=NetLS1_2
Added Pin To Net: NetName=NetQ1_1 Pin=Q1-1
Added Pin To Net: NetName=NetQ1_1 Pin=R1-2
Added Net: Name=NetQ1_1
Added Pin To Net: NetName=NetQ2_1 Pin=Q2-1
Added Pin To Net: NetName=NetQ2_1 Pin=R3-1
Added Net: Name=NetQ2_1
Added Pin To Net: NetName=NetQ3_1 Pin=Q3-1
Added Pin To Net: NetName=NetQ3_1 Pin=R10-2
Added Net: Name=NetQ3_1
Added Pin To Net: NetName=NetQ3_3 Pin=Q3-3
Added Pin To Net: NetName=NetQ3_3 Pin=R12-1
Added Pin To Net: NetName=NetQ3_3 Pin=U5-13
Added Net: Name=NetQ3_3
Added Pin To Net: NetName=NetQ4_1 Pin=Q4-1
Added Pin To Net: NetName=NetQ4_1 Pin=R12-2
Added Net: Name=NetQ4_1
Added Pin To Net: NetName=NetQ4_3 Pin=Q4-3
Added Pin To Net: NetName=NetQ4_3 Pin=R10-1
Added Pin To Net: NetName=NetQ4_3 Pin=U5-14
Added Net: Name=NetQ4_3
Added Pin To Net: NetName=NetQ5_1 Pin=Q5-1
Added Pin To Net: NetName=NetQ5_1 Pin=R17-1
Added Net: Name=NetQ5_1
Added Pin To Net: NetName=NetQ8_1 Pin=Q8-1
Added Pin To Net: NetName=NetQ8_1 Pin=R20-2
Added Net: Name=NetQ8_1
Added Pin To Net: NetName=NetQ8_3 Pin=Q8-3
Added Pin To Net: NetName=NetQ8_3 Pin=X2-2A
Added Pin To Net: NetName=NetQ8_3 Pin=X2-2B
Added Net: Name=NetQ8_3
Added Pin To Net: NetName=NetQ9_1 Pin=Q9-1
Added Pin To Net: NetName=NetQ9_1 Pin=R25-1
Added Net: Name=NetQ9_1
Added Pin To Net: NetName=NetR9_1 Pin=R9-1
Added Pin To Net: NetName=NetR9_1 Pin=T1-1
Added Net: Name=NetR9_1
Added Pin To Net: NetName=NetR30_1 Pin=R30-1
Added Pin To Net: NetName=NetR30_1 Pin=U9-1
Added Net: Name=NetR30_1
Added Pin To Net: NetName=NetR31_2 Pin=R31-2
Added Pin To Net: NetName=NetR31_2 Pin=U10-8
Added Net: Name=NetR31_2
Added Pin To Net: NetName=NetR32_1 Pin=R32-1
Added Pin To Net: NetName=NetR32_1 Pin=U10-3
Added Net: Name=NetR32_1
Added Pin To Net: NetName=NetR32_2 Pin=R32-2
Added Pin To Net: NetName=NetR32_2 Pin=U8-3
Added Net: Name=NetR32_2
Added Pin To Net: NetName=NetR33_1 Pin=R33-1
Added Pin To Net: NetName=NetR33_1 Pin=U7-7
Added Net: Name=NetR33_1
Added Pin To Net: NetName=NetR36_2 Pin=R36-2
Added Pin To Net: NetName=NetR36_2 Pin=U10-2
Added Net: Name=NetR36_2
Added Pin To Net: NetName=PN_EN Pin=R3-2
Added Net: Name=PN_EN
Added Pin To Net: NetName=PV_IN Pin=C1-2
Added Pin To Net: NetName=PV_IN Pin=C2-2
Added Pin To Net: NetName=PV_IN Pin=C4-1
Added Pin To Net: NetName=PV_IN Pin=C5-1
Added Pin To Net: NetName=PV_IN Pin=C6-1
Added Pin To Net: NetName=PV_IN Pin=C7-1
Added Pin To Net: NetName=PV_IN Pin=Q1-2
Added Pin To Net: NetName=PV_IN Pin=Q6-2
Added Pin To Net: NetName=PV_IN Pin=Q7-2
Added Net: Name=PV_IN
Added Pin To Net: NetName=PWM Pin=R23-2
Added Pin To Net: NetName=PWM Pin=U1-22
Added Pin To Net: NetName=PWM Pin=U2-9
Added Pin To Net: NetName=PWM Pin=U6-2
Added Net: Name=PWM
Added Pin To Net: NetName=RS Pin=J1-5
Added Pin To Net: NetName=RS Pin=U1-28
Added Pin To Net: NetName=RS Pin=U2-16
Added Net: Name=RS
Added Pin To Net: NetName=RW Pin=J1-4
Added Pin To Net: NetName=RW Pin=U1-27
Added Pin To Net: NetName=RW Pin=U2-14
Added Net: Name=RW
Added Pin To Net: NetName=RX0 Pin=J2-1
Added Pin To Net: NetName=RX0 Pin=U1-12
Added Pin To Net: NetName=RX0 Pin=U2-34
Added Net: Name=RX0
Added Pin To Net: NetName=RX2 Pin=J2-3
Added Pin To Net: NetName=RX2 Pin=U1-6
Added Pin To Net: NetName=RX2 Pin=U2-27
Added Net: Name=RX2
Added Pin To Net: NetName=SCL Pin=J5-1
Added Pin To Net: NetName=SCL Pin=JP4-8
Added Pin To Net: NetName=SCL Pin=R40-2
Added Pin To Net: NetName=SCL Pin=U1-14
Added Pin To Net: NetName=SCL Pin=U2-36
Added Pin To Net: NetName=SCL Pin=U9-10
Added Net: Name=SCL
Added Pin To Net: NetName=SDA Pin=J5-2
Added Pin To Net: NetName=SDA Pin=JP4-7
Added Pin To Net: NetName=SDA Pin=R41-1
Added Pin To Net: NetName=SDA Pin=U1-11
Added Pin To Net: NetName=SDA Pin=U2-33
Added Pin To Net: NetName=SDA Pin=U9-9
Added Net: Name=SDA
Added Pin To Net: NetName=SELECT Pin=J4-2
Added Pin To Net: NetName=SELECT Pin=R16-2
Added Pin To Net: NetName=SELECT Pin=SW4-1
Added Pin To Net: NetName=SELECT Pin=U1-8
Added Pin To Net: NetName=SELECT Pin=U2-29
Added Net: Name=SELECT
Added Pin To Net: NetName=SHUTDOWN Pin=R24-2
Added Pin To Net: NetName=SHUTDOWN Pin=U1-21
Added Pin To Net: NetName=SHUTDOWN Pin=U2-8
Added Pin To Net: NetName=SHUTDOWN Pin=U6-3
Added Net: Name=SHUTDOWN
Added Pin To Net: NetName=SPK_EN Pin=R17-2
Added Pin To Net: NetName=SPK_EN Pin=U1-15
Added Pin To Net: NetName=SPK_EN Pin=U2-37
Added Net: Name=SPK_EN
Added Pin To Net: NetName=TX0 Pin=J2-2
Added Pin To Net: NetName=TX0 Pin=U1-13
Added Pin To Net: NetName=TX0 Pin=U2-35
Added Net: Name=TX0
Added Pin To Net: NetName=TX2 Pin=J2-4
Added Pin To Net: NetName=TX2 Pin=U1-7
Added Pin To Net: NetName=TX2 Pin=U2-28
Added Net: Name=TX2
Added Pin To Net: NetName=UP Pin=J4-4
Added Pin To Net: NetName=UP Pin=R14-2
Added Pin To Net: NetName=UP Pin=SW2-1
Added Pin To Net: NetName=UP Pin=U1-4
Added Pin To Net: NetName=UP Pin=U2-24
Added Net: Name=UP
Added Pin To Net: NetName=VN Pin=U1-18
Added Pin To Net: NetName=VN Pin=U2-5
Added Net: Name=VN
Added Pin To Net: NetName=VP Pin=U1-17
Added Pin To Net: NetName=VP Pin=U2-4
Added Net: Name=VP
Added Class: Name=SCH_MPPT_Charger_V1
Added Room: Name=SCH_MPPT_Charger_V1
