Added Pin To Net: NetName=TX0 Pin=U5-3
Added Member To Class: ClassName=SCH_MPPT_Charger_V1 Member=Component C1 4700uF/50V
Added Member To Class: ClassName=SCH_MPPT_Charger_V1 Member=Component C3 104
Added Member To Class: ClassName=SCH_MPPT_Charger_V1 Member=Component C4 104
Added Member To Class: ClassName=SCH_MPPT_Charger_V1 Member=Component C7 4700uF/50V
Added Member To Class: ClassName=SCH_MPPT_Charger_V1 Member=Component C9 104
Added Member To Class: ClassName=SCH_MPPT_Charger_V1 Member=Component C12 100uF
Added Member To Class: ClassName=SCH_MPPT_Charger_V1 Member=Component C20 100uF
Added Member To Class: ClassName=SCH_MPPT_Charger_V1 Member=Component C21 104
Added Member To Class: ClassName=SCH_MPPT_Charger_V1 Member=Component C24 2200uF/63V
Added Member To Class: ClassName=SCH_MPPT_Charger_V1 Member=Component C28 100uF
Added Member To Class: ClassName=SCH_MPPT_Charger_V1 Member=Component C29 104
Added Member To Class: ClassName=SCH_MPPT_Charger_V1 Member=Component LED1 LED 0805
Added Member To Class: ClassName=SCH_MPPT_Charger_V1 Member=Component LED2 LED 0805
Added Member To Class: ClassName=SCH_MPPT_Charger_V1 Member=Component R6 10k
Added Member To Class: ClassName=SCH_MPPT_Charger_V1 Member=Component R8 1k
Added Member To Class: ClassName=SCH_MPPT_Charger_V1 Member=Component R10 2.2k
Added Member To Class: ClassName=SCH_MPPT_Charger_V1 Member=Component R12 10k
Added Member To Class: ClassName=SCH_MPPT_Charger_V1 Member=Component R14 10k
Added Member To Class: ClassName=SCH_MPPT_Charger_V1 Member=Component R16 1k
Added Member To Class: ClassName=SCH_MPPT_Charger_V1 Member=Component R18 1k
Added Member To Class: ClassName=SCH_MPPT_Charger_V1 Member=Component R20 100k
Added Member To Class: ClassName=SCH_MPPT_Charger_V1 Member=Component R22 10k
Added Member To Class: ClassName=SCH_MPPT_Charger_V1 Member=Component R24 1k
Added Member To Class: ClassName=SCH_MPPT_Charger_V1 Member=Component R26 100
Added Member To Class: ClassName=SCH_MPPT_Charger_V1 Member=Component R28 1k
Added Member To Class: ClassName=SCH_MPPT_Charger_V1 Member=Component R30 10k
Added Member To Class: ClassName=SCH_MPPT_Charger_V1 Member=Component R32 2.2k
Added Member To Class: ClassName=SCH_MPPT_Charger_V1 Member=Component R34 3.3k
Added Member To Class: ClassName=SCH_MPPT_Charger_V1 Member=Component R36 5.11k
Added Member To Class: ClassName=SCH_MPPT_Charger_V1 Member=Component R38 10k
Added Member To Class: ClassName=SCH_MPPT_Charger_V1 Member=Component R40 10k
