Removed Pin From Net: NetName=GND Pin=C17-1
Removed Pin From Net: NetName=GND Pin=J1-1
Removed Pin From Net: NetName=A0 Pin=J1-2
Removed Pin From Net: NetName=+5V Pin=J1-6
Removed Pin From Net: NetName=3.3V Pin=JP2-2
Removed Pin From Net: NetName=GND Pin=R7-2
Removed Pin From Net: NetName=GND Pin=R12-1
Removed Pin From Net: NetName=BACK Pin=R12-2
Removed Pin From Net: NetName=GND Pin=R13-1
Removed Pin From Net: NetName=UP Pin=R13-2
Removed Pin From Net: NetName=GND Pin=R14-1
Removed Pin From Net: NetName=DOWN Pin=R14-2
Removed Pin From Net: NetName=GND Pin=R15-1
Removed Pin From Net: NetName=SELECT Pin=R15-2
Removed Pin From Net: NetName=BACK Pin=SW1-1
Removed Pin From Net: NetName=3.3V Pin=SW1-2
Removed Pin From Net: NetName=UP Pin=SW2-1
Removed Pin From Net: NetName=3.3V Pin=SW2-2
Removed Pin From Net: NetName=DOWN Pin=SW3-1
Removed Pin From Net: NetName=3.3V Pin=SW3-2
Removed Pin From Net: NetName=SELECT Pin=SW4-1
Removed Pin From Net: NetName=3.3V Pin=SW4-2
Removed Pin From Net: NetName=BACK Pin=U1-3
Removed Pin From Net: NetName=UP Pin=U1-4
Removed Pin From Net: NetName=DOWN Pin=U1-5
Removed Pin From Net: NetName=SELECT Pin=U1-8
Removed Pin From Net: NetName=LOAD_EN Pin=U1-9
Removed Pin From Net: NetName=A0 Pin=U1-10
Removed Pin From Net: NetName=SPK_EN Pin=U1-15
Removed Pin From Net: NetName=FAN_EN Pin=U1-20
Removed Pin From Net: NetName=PN_EN Pin=U1-25
Removed Pin From Net: NetName=FAN_EN Pin=U2-7
Removed Pin From Net: NetName=PN_EN Pin=U2-12
Removed Pin From Net: NetName=BACK Pin=U2-23
Removed Pin From Net: NetName=UP Pin=U2-24
Removed Pin From Net: NetName=DOWN Pin=U2-26
Removed Pin From Net: NetName=SELECT Pin=U2-29
Removed Pin From Net: NetName=LOAD_EN Pin=U2-30
Removed Pin From Net: NetName=ALERT Pin=U2-31
Removed Pin From Net: NetName=SPK_EN Pin=U2-37
Removed Member From Class: ClassName=SCH_MPPT_Charger_V1 Member=C17
Removed Member From Class: ClassName=SCH_MPPT_Charger_V1 Member=R7
Removed Member From Class: ClassName=SCH_MPPT_Charger_V1 Member=R12
Removed Member From Class: ClassName=SCH_MPPT_Charger_V1 Member=R13
Removed Member From Class: ClassName=SCH_MPPT_Charger_V1 Member=R14
Removed Member From Class: ClassName=SCH_MPPT_Charger_V1 Member=R15
Removed Member From Class: ClassName=SCH_MPPT_Charger_V1 Member=SW1
Removed Member From Class: ClassName=SCH_MPPT_Charger_V1 Member=SW2
Removed Member From Class: ClassName=SCH_MPPT_Charger_V1 Member=SW3
Removed Member From Class: ClassName=SCH_MPPT_Charger_V1 Member=SW4
Change Component Footprint: Designator=JP2 Old Footprint=CON2 New Footprint=CON7
Change Component Comment : Designator=JP2 Old Comment=NTC New Comment=LCD
Change Component Comment : Designator=J1 Old Comment=ST7920_LCD New Comment=CON6
Change Component Designator: OldDesignator=X? NewDesignator=X2
Change component parameters: Designator = "JP2" ("JP2"); Footprint = "CON2"; UniqueID = "\DEVRMYXB" ("\DEVRMYXB")
Change component parameters (AddParameter): Name = "Value"; Value = "Connector 7"; VariantName = "[No Variations]"
Added Component: Designator=J10(CON6)
Added Component: Designator=J11(CON6)
Added Pin To Net: NetName=GND Pin=JP2-1
Added Pin To Net: NetName=+5V Pin=JP2-7
Added Pin To Net: NetName=PN_EN Pin=U1-3
Added Pin To Net: NetName=FAN_EN Pin=U1-4
Added Pin To Net: NetName=SPK_EN Pin=U1-20
Added Pin To Net: NetName=LOAD_EN Pin=U1-23
Added Pin To Net: NetName=SELECT Pin=U1-25
Added Pin To Net: NetName=DOWN Pin=U1-26
Added Pin To Net: NetName=UP Pin=U1-27
Added Pin To Net: NetName=BACK Pin=U1-28
Added Pin To Net: NetName=SPK_EN Pin=U2-7
Added Pin To Net: NetName=LOAD_EN Pin=U2-10
Added Pin To Net: NetName=SELECT Pin=U2-12
Added Pin To Net: NetName=DOWN Pin=U2-13
Added Pin To Net: NetName=UP Pin=U2-14
Added Pin To Net: NetName=BACK Pin=U2-16
Added Pin To Net: NetName=PN_EN Pin=U2-23
Added Pin To Net: NetName=FAN_EN Pin=U2-24
Added Pin To Net: NetName=CLOCK Pin=JP2-3
Added Pin To Net: NetName=CLOCK Pin=U1-9
Added Pin To Net: NetName=CLOCK Pin=U2-30
Added Net: Name=CLOCK
Added Pin To Net: NetName=CS Pin=JP2-6
Added Pin To Net: NetName=CS Pin=U1-8
Added Pin To Net: NetName=CS Pin=U2-29
Added Net: Name=CS
Added Pin To Net: NetName=DATA Pin=JP2-2
Added Pin To Net: NetName=DATA Pin=U1-15
Added Pin To Net: NetName=DATA Pin=U2-37
Added Net: Name=DATA
Added Pin To Net: NetName=DC Pin=JP2-4
Added Pin To Net: NetName=DC Pin=U1-10
Added Pin To Net: NetName=DC Pin=U2-31
Added Net: Name=DC
Added Pin To Net: NetName=RST Pin=JP2-5
Added Pin To Net: NetName=RST Pin=U1-17
Added Pin To Net: NetName=RST Pin=U2-4
Added Net: Name=RST
Added Member To Class: ClassName=SCH_MPPT_Charger_V1 Member=Component J10 CON6
Added Member To Class: ClassName=SCH_MPPT_Charger_V1 Member=Component J11 CON6
