Removed Pin From Net: NetName=NetQ2_1 Pin=Q2-1
Removed Pin From Net: NetName=+12V Pin=Q2-2
Removed Pin From Net: NetName=GND Pin=Q2-3
Removed Pin From Net: NetName=NetQ3_1 Pin=Q3-1
Removed Pin From Net: NetName=ESP_IO0 Pin=Q3-2
Removed Pin From Net: NetName=NetQ3_3 Pin=Q3-3
Removed Pin From Net: NetName=NetQ4_1 Pin=Q4-1
Removed Pin From Net: NetName=ESP_EN Pin=Q4-2
Removed Pin From Net: NetName=NetQ4_3 Pin=Q4-3
Removed Pin From Net: NetName=NetQ5_1 Pin=Q5-1
Removed Pin From Net: NetName=NetLS1_2 Pin=Q5-2
Removed Pin From Net: NetName=GND Pin=Q5-3
Removed Pin From Net: NetName=NetQ9_1 Pin=Q9-1
Removed Pin From Net: NetName=+12V Pin=Q9-2
Removed Pin From Net: NetName=NetC30_1 Pin=Q9-3
Added Component: Designator=Q2(SOT23B)
Add component (AddParameter): Name = "Chung_Loai"; Value = "Dán"; VariantName = "[No Variations]"
Add component (AddParameter): Name = "Don_Vi"; Value = "Con"; VariantName = "[No Variations]"
Add component (AddParameter): Name = "Ghi_Chu"; Value = ""; VariantName = "[No Variations]"
Add component (AddParameter): Name = "Kieu_Chan"; Value = ""; VariantName = "[No Variations]"
Add component (AddParameter): Name = "Ma_Hang"; Value = "MH000946"; VariantName = "[No Variations]"
Add component (AddParameter): Name = "Ten_Linh_Kien"; Value = "C1815 SOT23 TRANS NPN 0.15A 50V (SMD-HF)"; VariantName = "[No Variations]"
Added Component: Designator=Q3(SOT23B)
Add component (AddParameter): Name = "Chung_Loai"; Value = "Dán"; VariantName = "[No Variations]"
Add component (AddParameter): Name = "Don_Vi"; Value = "Con"; VariantName = "[No Variations]"
Add component (AddParameter): Name = "Ghi_Chu"; Value = ""; VariantName = "[No Variations]"
Add component (AddParameter): Name = "Kieu_Chan"; Value = ""; VariantName = "[No Variations]"
Add component (AddParameter): Name = "Ma_Hang"; Value = "MH000946"; VariantName = "[No Variations]"
Add component (AddParameter): Name = "Ten_Linh_Kien"; Value = "C1815 SOT23 TRANS NPN 0.15A 50V (SMD-HF)"; VariantName = "[No Variations]"
Added Component: Designator=Q4(SOT23B)
Add component (AddParameter): Name = "Chung_Loai"; Value = "Dán"; VariantName = "[No Variations]"
Add component (AddParameter): Name = "Don_Vi"; Value = "Con"; VariantName = "[No Variations]"
Add component (AddParameter): Name = "Ghi_Chu"; Value = ""; VariantName = "[No Variations]"
Add component (AddParameter): Name = "Kieu_Chan"; Value = ""; VariantName = "[No Variations]"
Add component (AddParameter): Name = "Ma_Hang"; Value = "MH000946"; VariantName = "[No Variations]"
Add component (AddParameter): Name = "Ten_Linh_Kien"; Value = "C1815 SOT23 TRANS NPN 0.15A 50V (SMD-HF)"; VariantName = "[No Variations]"
Added Component: Designator=Q5(SOT23B)
Add component (AddParameter): Name = "Chung_Loai"; Value = "Dán"; VariantName = "[No Variations]"
Add component (AddParameter): Name = "Don_Vi"; Value = "Con"; VariantName = "[No Variations]"
Add component (AddParameter): Name = "Ghi_Chu"; Value = ""; VariantName = "[No Variations]"
Add component (AddParameter): Name = "Kieu_Chan"; Value = ""; VariantName = "[No Variations]"
Add component (AddParameter): Name = "Ma_Hang"; Value = "MH000946"; VariantName = "[No Variations]"
Add component (AddParameter): Name = "Ten_Linh_Kien"; Value = "C1815 SOT23 TRANS NPN 0.15A 50V (SMD-HF)"; VariantName = "[No Variations]"
Added Component: Designator=Q9(SOT23B)
Add component (AddParameter): Name = "Chung_Loai"; Value = "Dán"; VariantName = "[No Variations]"
Add component (AddParameter): Name = "Don_Vi"; Value = "Con"; VariantName = "[No Variations]"
Add component (AddParameter): Name = "Ghi_Chu"; Value = ""; VariantName = "[No Variations]"
Add component (AddParameter): Name = "Kieu_Chan"; Value = ""; VariantName = "[No Variations]"
Add component (AddParameter): Name = "Ma_Hang"; Value = "MH000946"; VariantName = "[No Variations]"
Add component (AddParameter): Name = "Ten_Linh_Kien"; Value = "C1815 SOT23 TRANS NPN 0.15A 50V (SMD-HF)"; VariantName = "[No Variations]"
Added Pin To Net: NetName=NetQ2_1 Pin=Q2-1
Added Pin To Net: NetName=+12V Pin=Q2-2
Added Pin To Net: NetName=GND Pin=Q2-3
Added Pin To Net: NetName=NetQ3_1 Pin=Q3-1
Added Pin To Net: NetName=ESP_IO0 Pin=Q3-2
Added Pin To Net: NetName=NetQ3_3 Pin=Q3-3
Added Pin To Net: NetName=NetQ4_1 Pin=Q4-1
Added Pin To Net: NetName=ESP_EN Pin=Q4-2
Added Pin To Net: NetName=NetQ4_3 Pin=Q4-3
Added Pin To Net: NetName=NetQ5_1 Pin=Q5-1
Added Pin To Net: NetName=NetLS1_2 Pin=Q5-2
Added Pin To Net: NetName=GND Pin=Q5-3
Added Pin To Net: NetName=NetQ9_1 Pin=Q9-1
Added Pin To Net: NetName=+12V Pin=Q9-2
Added Pin To Net: NetName=NetC30_1 Pin=Q9-3
Added Member To Class: ClassName=SCH_MPPT_Charger_V1 Member=Component C1 4700uF/50V
Added Member To Class: ClassName=SCH_MPPT_Charger_V1 Member=Component C3 104
Added Member To Class: ClassName=SCH_MPPT_Charger_V1 Member=Component C4 104
Added Member To Class: ClassName=SCH_MPPT_Charger_V1 Member=Component C7 4700uF/50V
Added Member To Class: ClassName=SCH_MPPT_Charger_V1 Member=Component C9 104
Added Member To Class: ClassName=SCH_MPPT_Charger_V1 Member=Component C12 100uF
Added Member To Class: ClassName=SCH_MPPT_Charger_V1 Member=Component C20 100uF
Added Member To Class: ClassName=SCH_MPPT_Charger_V1 Member=Component C21 104
Added Member To Class: ClassName=SCH_MPPT_Charger_V1 Member=Component C24 2200uF/63V
Added Member To Class: ClassName=SCH_MPPT_Charger_V1 Member=Component C28 100uF
Added Member To Class: ClassName=SCH_MPPT_Charger_V1 Member=Component C29 104
Added Member To Class: ClassName=SCH_MPPT_Charger_V1 Member=Component LED1 LED 0805
Added Member To Class: ClassName=SCH_MPPT_Charger_V1 Member=Component LED2 LED 0805
Added Member To Class: ClassName=SCH_MPPT_Charger_V1 Member=Component R6 10k
Added Member To Class: ClassName=SCH_MPPT_Charger_V1 Member=Component R8 1k
Added Member To Class: ClassName=SCH_MPPT_Charger_V1 Member=Component R10 2.2k
Added Member To Class: ClassName=SCH_MPPT_Charger_V1 Member=Component R12 10k
Added Member To Class: ClassName=SCH_MPPT_Charger_V1 Member=Component R14 10k
Added Member To Class: ClassName=SCH_MPPT_Charger_V1 Member=Component R16 1k
Added Member To Class: ClassName=SCH_MPPT_Charger_V1 Member=Component R18 1k
Added Member To Class: ClassName=SCH_MPPT_Charger_V1 Member=Component R20 100k
Added Member To Class: ClassName=SCH_MPPT_Charger_V1 Member=Component R22 10k
Added Member To Class: ClassName=SCH_MPPT_Charger_V1 Member=Component R24 1k
Added Member To Class: ClassName=SCH_MPPT_Charger_V1 Member=Component R26 100
Added Member To Class: ClassName=SCH_MPPT_Charger_V1 Member=Component R28 1k
Added Member To Class: ClassName=SCH_MPPT_Charger_V1 Member=Component R30 10k
Added Member To Class: ClassName=SCH_MPPT_Charger_V1 Member=Component R32 2.2k
Added Member To Class: ClassName=SCH_MPPT_Charger_V1 Member=Component R34 3.3k
Added Member To Class: ClassName=SCH_MPPT_Charger_V1 Member=Component R36 5.11k
Added Member To Class: ClassName=SCH_MPPT_Charger_V1 Member=Component R38 10k
Added Member To Class: ClassName=SCH_MPPT_Charger_V1 Member=Component R40 10k
