Change Component Designator: Old Designator=* New Designator=*1
Change Component Designator: Old Designator=90-12V BUCK New Designator=1
Change Component Designator: Old Designator=C1 New Designator=C3
Change Component Designator: Old Designator=C2 New Designator=C4
Change Component Designator: Old Designator=C3 New Designator=C10
Change Component Designator: Old Designator=C4 New Designator=C1
Change Component Designator: Old Designator=C5 New Designator=C2
Change Component Designator: Old Designator=C6 New Designator=C5
Change Component Designator: Old Designator=C7 New Designator=C6
Change Component Designator: Old Designator=C8 New Designator=C7
Change Component Designator: Old Designator=C9 New Designator=C8
Change Component Designator: Old Designator=C10 New Designator=C9
Change Component Designator: Old Designator=C12 New Designator=C13
Change Component Designator: Old Designator=C13 New Designator=C12
Change Component Designator: Old Designator=C19 New Designator=C21
Change Component Designator: Old Designator=C20 New Designator=C19
Change Component Designator: Old Designator=C21 New Designator=C20
Change Component Designator: Old Designator=C24 New Designator=C26
Change Component Designator: Old Designator=C25 New Designator=C24
Change Component Designator: Old Designator=C26 New Designator=C25
Change Component Designator: Old Designator=C27 New Designator=C29
Change Component Designator: Old Designator=C28 New Designator=C27
Change Component Designator: Old Designator=C29 New Designator=C28
Change Component Designator: Old Designator=LED2 New Designator=LED1
Change Component Designator: Old Designator=LED3 New Designator=LED2
Change Component Designator: Old Designator=R7 New Designator=R6
Change Component Designator: Old Designator=R8 New Designator=R7
Change Component Designator: Old Designator=R9 New Designator=R8
Change Component Designator: Old Designator=R10 New Designator=R9
Change Component Designator: Old Designator=R11 New Designator=R10
Change Component Designator: Old Designator=R12 New Designator=R11
Change Component Designator: Old Designator=R13 New Designator=R12
Change Component Designator: Old Designator=R14 New Designator=R13
Change Component Designator: Old Designator=R15 New Designator=R14
Change Component Designator: Old Designator=R16 New Designator=R15
Change Component Designator: Old Designator=R17 New Designator=R16
Change Component Designator: Old Designator=R18 New Designator=R17
Change Component Designator: Old Designator=R19 New Designator=R18
Change Component Designator: Old Designator=R20 New Designator=R19
Change Component Designator: Old Designator=R21 New Designator=R20
Change Component Designator: Old Designator=R22 New Designator=R21
Change Component Designator: Old Designator=R23 New Designator=R22
Change Component Designator: Old Designator=R24 New Designator=R23
Change Component Designator: Old Designator=R25 New Designator=R24
Change Component Designator: Old Designator=R26 New Designator=R25
Change Component Designator: Old Designator=R27 New Designator=R26
Change Component Designator: Old Designator=R28 New Designator=R27
Change Component Designator: Old Designator=R29 New Designator=R28
Change Component Designator: Old Designator=R30 New Designator=R29
Change Component Designator: Old Designator=R31 New Designator=R30
Change Component Designator: Old Designator=R32 New Designator=R31
Change Component Designator: Old Designator=R33 New Designator=R32
Change Component Designator: Old Designator=R34 New Designator=R33
Change Component Designator: Old Designator=R35 New Designator=R34
Change Component Designator: Old Designator=R36 New Designator=R35
Change Component Designator: Old Designator=R37 New Designator=R36
Change Component Designator: Old Designator=R38 New Designator=R37
Change Component Designator: Old Designator=R39 New Designator=R38
Change Component Designator: Old Designator=R40 New Designator=R39
Change Component Designator: Old Designator=R41 New Designator=R40
